<?xml version="1.0" encoding="UTF-8"?>
<testsuite xmlns:xsi="http://www.w3.org/2001/XMLSchema-instance" xsi:noNamespaceSchemaLocation="https://maven.apache.org/surefire/maven-surefire-plugin/xsd/surefire-test-report-3.0.xsd" version="3.0" name="TestSuite" time="1.925" tests="6" errors="0" skipped="5" failures="1">
  <properties>
[...]
</properties>
  <testcase name="setup[Windows, chrome, public void com.iween.OneWay.TCCP_1.myTest(java.util.Map) throws java.lang.Exception](0)" classname="com.iween.OneWay.TCCP_1" time="1.482">
    <failure message="Missing required property: execution_env" type="java.lang.IllegalStateException"><![CDATA[java.lang.IllegalStateException: Missing required property: execution_env
	at com.iween.testBase.baseClass.getRequiredProperty(baseClass.java:98)
	at com.iween.testBase.baseClass.setup(baseClass.java:59)
	at java.base/jdk.internal.reflect.DirectMethodHandleAccessor.invoke(DirectMethodHandleAccessor.java:103)
	at java.base/java.lang.reflect.Method.invoke(Method.java:580)
	at org.testng.internal.invokers.MethodInvocationHelper.invokeMethod(MethodInvocationHelper.java:139)
	at org.testng.internal.invokers.MethodInvocationHelper.invokeMethodConsideringTimeout(MethodInvocationHelper.java:69)
	at org.testng.internal.invokers.ConfigInvoker.invokeConfigurationMethod(ConfigInvoker.java:393)
	at org.testng.internal.invokers.ConfigInvoker.invokeConfigurations(ConfigInvoker.java:326)
	at org.testng.internal.invokers.TestInvoker.runConfigMethods(TestInvoker.java:810)
	at org.testng.internal.invokers.TestInvoker.invokeMethod(TestInvoker.java:578)
	at org.testng.internal.invokers.TestInvoker.invokeTestMethod(TestInvoker.java:228)
	at org.testng.internal.invokers.MethodRunner.runInSequence(MethodRunner.java:63)
	at org.testng.internal.invokers.TestInvoker$MethodInvocationAgent.invoke(TestInvoker.java:961)
	at org.testng.internal.invokers.TestInvoker.invokeTestMethods(TestInvoker.java:201)
	at org.testng.internal.invokers.TestMethodWorker.invokeTestMethods(TestMethodWorker.java:148)
	at org.testng.internal.invokers.TestMethodWorker.run(TestMethodWorker.java:128)
	at java.base/java.util.concurrent.Executors$RunnableAdapter.call(Executors.java:572)
	at java.base/java.util.concurrent.FutureTask.run(FutureTask.java:317)
	at org.testng.internal.thread.graph.TestNGFutureTask.run(TestNGFutureTask.java:22)
	at java.base/java.util.concurrent.ThreadPoolExecutor.runWorker(ThreadPoolExecutor.java:1144)
	at java.base/java.util.concurrent.ThreadPoolExecutor$Worker.run(ThreadPoolExecutor.java:642)
	at java.base/java.lang.Thread.run(Thread.java:1583)
]]></failure>
    <system-out><![CDATA[Skipping row 3 due to SKIP flag.
Skipping row 4 due to SKIP flag.
Skipping row 5 due to SKIP flag.
Skipping row 6 due to SKIP flag.
Skipping row 7 due to SKIP flag.
Skipping row 8 due to SKIP flag.
Skipping row 9 due to SKIP flag.
Skipping row 10 due to SKIP flag.
Skipping row 11 due to SKIP flag.
Skipping row 12 due to SKIP flag.
Skipping row 13 due to SKIP flag.
Skipping row 14 due to SKIP flag.
Skipping row 15 due to SKIP flag.
Skipping row 16 due to SKIP flag.
Skipping row 17 due to SKIP flag.
Skipping row 18 due to SKIP flag.
Skipping row 19 due to SKIP flag.
Skipping row 20 due to SKIP flag.
Skipping row 21 due to SKIP flag.
Skipping row 22 due to SKIP flag.
Skipping row 23 due to SKIP flag.
Skipping row 24 due to SKIP flag.
Skipping row 25 due to SKIP flag.
Skipping row 26 due to SKIP flag.
Skipping row 27 due to SKIP flag.
Skipping row 28 due to SKIP flag.
Skipping row 29 due to SKIP flag.
]]></system-out>
    <system-err><![CDATA[SLF4J(W): No SLF4J providers were found.
SLF4J(W): Defaulting to no-operation (NOP) logger implementation
SLF4J(W): See https://www.slf4j.org/codes.html#noProviders for further details.
SLF4J(W): Class path contains SLF4J bindings targeting slf4j-api versions 1.7.x or earlier.
SLF4J(W): Ignoring binding found at [jar:file:/C:/Users/LENOVO/.m2/repository/org/apache/logging/log4j/log4j-slf4j-impl/2.21.1/log4j-slf4j-impl-2.21.1.jar!/org/slf4j/impl/StaticLoggerBinder.class]
SLF4J(W): See https://www.slf4j.org/codes.html#ignoredBindings for an explanation.
]]></system-err>
  </testcase>
  <testcase name="myTest[{AdultsCounts=1, RefundableInfo=Non-Refundable,Refundable, FareType=ECO VALUEs,ECONOMY CONVENIENCEs, airLine=Air Indias,Qatar Airwayss, Depart From=SIN, Going To=DXB, InfantsCount=1, ArrivalFilter=00 -06,18-00, DepartureFilter=00 -06,18-00, Stops=1 Stop,2 stops, SKIP=, Class=Economy, ChildrenCount=1}](1)" classname="com.iween.OneWay.TCCP_1" time="0.0">
    <skipped message="Missing required property: execution_env"/>
  </testcase>
  <testcase name="tearDown" classname="com.iween.OneWay.TCCP_1" time="0.0">
    <skipped/>
  </testcase>
  <testcase name="tearDown" classname="com.iween.OneWay.TCCP_1" time="0.0">
    <skipped/>
  </testcase>
  <testcase name="setup" classname="com.iween.OneWay.TCCP_1" time="0.0">
    <skipped/>
  </testcase>
  <testcase name="myTest[{AdultsCounts=1, RefundableInfo=Non-Refundable,Refundable, FareType=ECO VALUE,ECONOMY CONVENIENCE, airLine=Air India,Qatar Airways, Depart From=SIN, Going To=DXB, InfantsCount=1, ArrivalFilter=00 -06,18-00, DepartureFilter=00 -06,18-00, Stops=1 Stop,2 stops, SKIP=, Class=Economy, ChildrenCount=1}](2)" classname="com.iween.OneWay.TCCP_1" time="0.0">
    <skipped message="Missing required property: execution_env"/>
  </testcase>
</testsuite>