<?xml version="1.0" encoding="UTF-8"?>
<!-- Generated by org.testng.reporters.JUnitXMLReporter -->
<testsuite ignored="0" hostname="DESKTOP-SEE9OFQ" failures="19" tests="116" name=" Search Tests" time="6264.446" errors="0" timestamp="2025-09-16T14:37:25 IST">
  <testcase classname="com.iween.OneWay.TCCP_1" name="myTest" time="67.653"/>
  <testcase classname="com.iween.OneWay.TCCP_2" name="myTest" time="71.377"/>
  <testcase classname="com.iween.OneWay.TCCP_3" name="myTest" time="100.193"/>
  <testcase classname="com.iween.OneWay.TCCP_2" name="myTest" time="67.973"/>
  <testcase classname="com.iween.OneWay.TCCP_1" name="myTest" time="82.799"/>
  <testcase classname="com.iween.OneWay.TCCP_3" name="myTest" time="96.885"/>
  <testcase classname="com.iween.OneWay.TCCP_2" name="myTest" time="69.077"/>
  <testcase classname="com.iween.OneWay.TCCP_1" name="myTest" time="78.637"/>
  <testcase classname="com.iween.OneWay.TCCP_2" name="myTest" time="86.373">
    <failure type="java.lang.AssertionError" message="No Flight Found for these sectors.">
      <![CDATA[java.lang.AssertionError: No Flight Found for these sectors.
at com.skytraveller.pageObjects1.SearchPage.validateStopsFilter(SearchPage.java:993)
at com.iween.OneWay.TCCP_2.myTest(TCCP_2.java:140)
at java.base/java.util.concurrent.Executors$RunnableAdapter.call(Executors.java:572)
at java.base/java.util.concurrent.FutureTask.run(FutureTask.java:317)
at java.base/java.util.concurrent.ThreadPoolExecutor.runWorker(ThreadPoolExecutor.java:1144)
at java.base/java.util.concurrent.ThreadPoolExecutor$Worker.run(ThreadPoolExecutor.java:642)
at java.base/java.lang.Thread.run(Thread.java:1583)
... Removed 12 stack frames]]>
    </failure>
  </testcase> <!-- myTest -->
  <testcase classname="com.iween.OneWay.TCCP_1" name="myTest" time="80.42"/>
  <testcase classname="com.iween.OneWay.TCCP_3" name="myTest" time="121.224"/>
  <testcase classname="com.iween.OneWay.TCCP_2" name="myTest" time="115.477">
    <failure type="java.lang.AssertionError" message="null">
      <![CDATA[java.lang.AssertionError: null
at com.skytraveller.pageObjects1.ResultPage.validateResultPage1(ResultPage.java:400)
at com.iween.OneWay.TCCP_2.myTest(TCCP_2.java:123)
at java.base/java.util.concurrent.Executors$RunnableAdapter.call(Executors.java:572)
at java.base/java.util.concurrent.FutureTask.run(FutureTask.java:317)
at java.base/java.util.concurrent.ThreadPoolExecutor.runWorker(ThreadPoolExecutor.java:1144)
at java.base/java.util.concurrent.ThreadPoolExecutor$Worker.run(ThreadPoolExecutor.java:642)
at java.base/java.lang.Thread.run(Thread.java:1583)
... Removed 13 stack frames]]>
    </failure>
  </testcase> <!-- myTest -->
  <testcase classname="com.iween.OneWay.TCCP_1" name="myTest" time="111.767">
    <failure type="java.lang.AssertionError" message="null">
      <![CDATA[java.lang.AssertionError: null
at com.skytraveller.pageObjects1.ResultPage.validateResultPage1(ResultPage.java:400)
at com.iween.OneWay.TCCP_1.myTest(TCCP_1.java:122)
at java.base/java.util.concurrent.Executors$RunnableAdapter.call(Executors.java:572)
at java.base/java.util.concurrent.FutureTask.run(FutureTask.java:317)
at java.base/java.util.concurrent.ThreadPoolExecutor.runWorker(ThreadPoolExecutor.java:1144)
at java.base/java.util.concurrent.ThreadPoolExecutor$Worker.run(ThreadPoolExecutor.java:642)
at java.base/java.lang.Thread.run(Thread.java:1583)
... Removed 13 stack frames]]>
    </failure>
  </testcase> <!-- myTest -->
  <testcase classname="com.iween.OneWay.TCCP_3" name="myTest" time="116.591"/>
  <testcase classname="com.iween.OneWay.TCCP_2" name="myTest" time="115.824">
    <failure type="java.lang.AssertionError" message="null">
      <![CDATA[java.lang.AssertionError: null
at com.skytraveller.pageObjects1.ResultPage.validateResultPage1(ResultPage.java:400)
at com.iween.OneWay.TCCP_2.myTest(TCCP_2.java:123)
at java.base/java.util.concurrent.Executors$RunnableAdapter.call(Executors.java:572)
at java.base/java.util.concurrent.FutureTask.run(FutureTask.java:317)
at java.base/java.util.concurrent.ThreadPoolExecutor.runWorker(ThreadPoolExecutor.java:1144)
at java.base/java.util.concurrent.ThreadPoolExecutor$Worker.run(ThreadPoolExecutor.java:642)
at java.base/java.lang.Thread.run(Thread.java:1583)
... Removed 13 stack frames]]>
    </failure>
  </testcase> <!-- myTest -->
  <testcase classname="com.iween.OneWay.TCCP_1" name="myTest" time="111.304">
    <failure type="java.lang.AssertionError" message="null">
      <![CDATA[java.lang.AssertionError: null
at com.skytraveller.pageObjects1.ResultPage.validateResultPage1(ResultPage.java:400)
at com.iween.OneWay.TCCP_1.myTest(TCCP_1.java:122)
at java.base/java.util.concurrent.Executors$RunnableAdapter.call(Executors.java:572)
at java.base/java.util.concurrent.FutureTask.run(FutureTask.java:317)
at java.base/java.util.concurrent.ThreadPoolExecutor.runWorker(ThreadPoolExecutor.java:1144)
at java.base/java.util.concurrent.ThreadPoolExecutor$Worker.run(ThreadPoolExecutor.java:642)
at java.base/java.lang.Thread.run(Thread.java:1583)
... Removed 13 stack frames]]>
    </failure>
  </testcase> <!-- myTest -->
  <testcase classname="com.iween.OneWay.TCCP_3" name="myTest" time="115.97">
    <failure type="java.lang.AssertionError" message="null">
      <![CDATA[java.lang.AssertionError: null
at com.skytraveller.pageObjects1.ResultPage.validateResultPage1(ResultPage.java:400)
at com.iween.OneWay.TCCP_3.myTest(TCCP_3.java:127)
at java.base/java.util.concurrent.Executors$RunnableAdapter.call(Executors.java:572)
at java.base/java.util.concurrent.FutureTask.run(FutureTask.java:317)
at java.base/java.util.concurrent.ThreadPoolExecutor.runWorker(ThreadPoolExecutor.java:1144)
at java.base/java.util.concurrent.ThreadPoolExecutor$Worker.run(ThreadPoolExecutor.java:642)
at java.base/java.lang.Thread.run(Thread.java:1583)
... Removed 13 stack frames]]>
    </failure>
  </testcase> <!-- myTest -->
  <testcase classname="com.iween.OneWay.TCCP_2" name="myTest" time="72.388"/>
  <testcase classname="com.iween.OneWay.TCCP_1" name="myTest" time="68.114"/>
  <testcase classname="com.iween.OneWay.TCCP_3" name="myTest" time="116.122">
    <failure type="java.lang.AssertionError" message="null">
      <![CDATA[java.lang.AssertionError: null
at com.skytraveller.pageObjects1.ResultPage.validateResultPage1(ResultPage.java:400)
at com.iween.OneWay.TCCP_3.myTest(TCCP_3.java:127)
at java.base/java.util.concurrent.Executors$RunnableAdapter.call(Executors.java:572)
at java.base/java.util.concurrent.FutureTask.run(FutureTask.java:317)
at java.base/java.util.concurrent.ThreadPoolExecutor.runWorker(ThreadPoolExecutor.java:1144)
at java.base/java.util.concurrent.ThreadPoolExecutor$Worker.run(ThreadPoolExecutor.java:642)
at java.base/java.lang.Thread.run(Thread.java:1583)
... Removed 13 stack frames]]>
    </failure>
  </testcase> <!-- myTest -->
  <testcase classname="com.iween.OneWay.TCCP_2" name="myTest" time="77.981"/>
  <testcase classname="com.iween.OneWay.TCCP_1" name="myTest" time="74.54"/>
  <testcase classname="com.iween.OneWay.TCCP_1" name="myTest" time="75.051"/>
  <testcase classname="com.iween.OneWay.TCCP_2" name="myTest" time="77.738"/>
  <testcase classname="com.iween.OneWay.TCCP_3" name="myTest" time="97.703"/>
  <testcase classname="com.iween.OneWay.TCCP_1" name="myTest" time="78.621"/>
  <testcase classname="com.iween.OneWay.TCCP_2" name="myTest" time="84.996">
    <failure type="java.lang.AssertionError" message="No Flight Found for these sectors.">
      <![CDATA[java.lang.AssertionError: No Flight Found for these sectors.
at com.skytraveller.pageObjects1.SearchPage.validateStopsFilter(SearchPage.java:993)
at com.iween.OneWay.TCCP_2.myTest(TCCP_2.java:140)
at java.base/java.util.concurrent.Executors$RunnableAdapter.call(Executors.java:572)
at java.base/java.util.concurrent.FutureTask.run(FutureTask.java:317)
at java.base/java.util.concurrent.ThreadPoolExecutor.runWorker(ThreadPoolExecutor.java:1144)
at java.base/java.util.concurrent.ThreadPoolExecutor$Worker.run(ThreadPoolExecutor.java:642)
at java.base/java.lang.Thread.run(Thread.java:1583)
... Removed 12 stack frames]]>
    </failure>
  </testcase> <!-- myTest -->
  <testcase classname="com.iween.OneWay.TCCP_3" name="myTest" time="111.408"/>
  <testcase classname="com.iween.OneWay.TCCP_2" name="myTest" time="67.038"/>
  <testcase classname="com.iween.OneWay.TCCP_1" name="myTest" time="79.748"/>
  <testcase classname="com.iween.OneWay.TCCP_2" name="myTest" time="64.353">
    <failure type="java.lang.AssertionError" message="No Flight Found for these sectors.">
      <![CDATA[java.lang.AssertionError: No Flight Found for these sectors.
at com.skytraveller.pageObjects1.SearchPage.validateStopsFilter(SearchPage.java:993)
at com.iween.OneWay.TCCP_2.myTest(TCCP_2.java:140)
at java.base/java.util.concurrent.Executors$RunnableAdapter.call(Executors.java:572)
at java.base/java.util.concurrent.FutureTask.run(FutureTask.java:317)
at java.base/java.util.concurrent.ThreadPoolExecutor.runWorker(ThreadPoolExecutor.java:1144)
at java.base/java.util.concurrent.ThreadPoolExecutor$Worker.run(ThreadPoolExecutor.java:642)
at java.base/java.lang.Thread.run(Thread.java:1583)
... Removed 12 stack frames]]>
    </failure>
  </testcase> <!-- myTest -->
  <testcase classname="com.iween.OneWay.TCCP_3" name="myTest" time="110.968"/>
  <testcase classname="com.iween.OneWay.TCCP_1" name="myTest" time="78.412"/>
  <testcase classname="com.iween.OneWay.TCCP_2" name="myTest" time="67.524"/>
  <testcase classname="com.iween.OneWay.TCCP_1" name="myTest" time="61.068"/>
  <testcase classname="com.iween.OneWay.TCCP_3" name="myTest" time="112.618"/>
  <testcase classname="com.iween.OneWay.TCCP_2" name="myTest" time="67.894"/>
  <testcase classname="com.iween.OneWay.TCCP_1" name="myTest" time="70.763"/>
  <testcase classname="com.iween.OneWay.TCCP_2" name="myTest" time="71.584"/>
  <testcase classname="com.iween.OneWay.TCCP_1" name="myTest" time="71.479"/>
  <testcase classname="com.iween.OneWay.TCCP_3" name="myTest" time="122.345"/>
  <testcase classname="com.iween.OneWay.TCCP_2" name="myTest" time="78.837"/>
  <testcase classname="com.iween.OneWay.TCCP_1" name="myTest" time="85.161"/>
  <testcase classname="com.iween.OneWay.TCCP_3" name="myTest" time="112.738"/>
  <testcase classname="com.iween.OneWay.TCCP_2" name="myTest" time="68.465"/>
  <testcase classname="com.iween.OneWay.TCCP_1" name="myTest" time="66.269"/>
  <testcase classname="com.iween.OneWay.TCCP_2" name="myTest" time="76.261"/>
  <testcase classname="com.iween.OneWay.TCCP_1" name="myTest" time="65.823"/>
  <testcase classname="com.iween.OneWay.TCCP_3" name="myTest" time="126.5"/>
  <testcase classname="com.iween.OneWay.TCCP_2" name="myTest" time="70.211"/>
  <testcase classname="com.iween.OneWay.TCCP_1" name="myTest" time="68.047"/>
  <testcase classname="com.iween.OneWay.TCCP_3" name="myTest" time="99.802"/>
  <testcase classname="com.iween.OneWay.TCCP_1" name="myTest" time="70.463"/>
  <testcase classname="com.iween.OneWay.TCCP_2" name="myTest" time="94.882">
    <failure type="java.lang.AssertionError" message="No Flight Found for these sectors.">
      <![CDATA[java.lang.AssertionError: No Flight Found for these sectors.
at com.skytraveller.pageObjects1.SearchPage.validateStopsFilter(SearchPage.java:993)
at com.iween.OneWay.TCCP_2.myTest(TCCP_2.java:140)
at java.base/java.util.concurrent.Executors$RunnableAdapter.call(Executors.java:572)
at java.base/java.util.concurrent.FutureTask.run(FutureTask.java:317)
at java.base/java.util.concurrent.ThreadPoolExecutor.runWorker(ThreadPoolExecutor.java:1144)
at java.base/java.util.concurrent.ThreadPoolExecutor$Worker.run(ThreadPoolExecutor.java:642)
at java.base/java.lang.Thread.run(Thread.java:1583)
... Removed 12 stack frames]]>
    </failure>
  </testcase> <!-- myTest -->
  <testcase classname="com.iween.OneWay.TCCP_1" name="myTest" time="66.27"/>
  <testcase classname="com.iween.OneWay.TCCP_2" name="myTest" time="70.453"/>
  <testcase classname="com.iween.OneWay.TCCP_3" name="myTest" time="101.372"/>
  <testcase classname="com.iween.OneWay.TCCP_1" name="myTest" time="79.983"/>
  <testcase classname="com.iween.OneWay.TCCP_2" name="myTest" time="77.136"/>
  <testcase classname="com.iween.OneWay.TCCP_3" name="myTest" time="117.246"/>
  <testcase classname="com.iween.OneWay.TCCP_1" name="myTest" time="65.903"/>
  <testcase classname="com.iween.OneWay.TCCP_2" name="myTest" time="78.185"/>
  <testcase classname="com.iween.OneWay.TCCP_1" name="myTest" time="64.036"/>
  <testcase classname="com.iween.OneWay.TCCP_2" name="myTest" time="65.446"/>
  <testcase classname="com.iween.OneWay.TCCP_3" name="myTest" time="99.565"/>
  <testcase classname="com.iween.OneWay.TCCP_1" name="myTest" time="66.393"/>
  <testcase classname="com.iween.OneWay.TCCP_2" name="myTest" time="71.882"/>
  <testcase classname="com.iween.OneWay.TCCP_3" name="myTest" time="96.96"/>
  <testcase classname="com.iween.OneWay.TCCP_1" name="myTest" time="80.181"/>
  <testcase classname="com.iween.OneWay.TCCP_2" name="myTest" time="71.444"/>
  <testcase classname="com.iween.OneWay.TCCP_1" name="myTest" time="84.797"/>
  <testcase classname="com.iween.OneWay.TCCP_3" name="myTest" time="115.91"/>
  <testcase classname="com.iween.OneWay.TCCP_2" name="myTest" time="74.984"/>
  <testcase classname="com.iween.OneWay.TCCP_1" name="myTest" time="84.108"/>
  <testcase classname="com.iween.OneWay.TCCP_2" name="myTest" time="67.879"/>
  <testcase classname="com.iween.OneWay.TCCP_3" name="myTest" time="105.727"/>
  <testcase classname="com.iween.OneWay.TCCP_2" name="myTest" time="74.517"/>
  <testcase classname="com.iween.OneWay.TCCP_1" name="myTest" time="97.819"/>
  <testcase classname="com.iween.OneWay.TCCP_3" name="myTest" time="101.591"/>
  <testcase classname="com.iween.OneWay.TCCP_4" name="myTest" time="128.651"/>
  <testcase classname="com.iween.OneWay.TCCP_3" name="myTest" time="111.04"/>
  <testcase classname="com.iween.OneWay.TCCP_4" name="myTest" time="129.101"/>
  <testcase classname="com.iween.OneWay.TCCP_3" name="myTest" time="98.202"/>
  <testcase classname="com.iween.OneWay.TCCP_3" name="myTest" time="95.051"/>
  <testcase classname="com.iween.OneWay.TCCP_4" name="myTest" time="150.413">
    <failure type="java.lang.AssertionError" message="Departure time not displayed in results.">
      <![CDATA[java.lang.AssertionError: Departure time not displayed in results.
at com.skytraveller.pageObjects1.SearchPage.ValidateDepartureTime(SearchPage.java:2628)
at com.iween.OneWay.TCCP_4.myTest(TCCP_4.java:149)
at java.base/java.util.concurrent.Executors$RunnableAdapter.call(Executors.java:572)
at java.base/java.util.concurrent.FutureTask.run(FutureTask.java:317)
at java.base/java.util.concurrent.ThreadPoolExecutor.runWorker(ThreadPoolExecutor.java:1144)
at java.base/java.util.concurrent.ThreadPoolExecutor$Worker.run(ThreadPoolExecutor.java:642)
at java.base/java.lang.Thread.run(Thread.java:1583)
... Removed 12 stack frames]]>
    </failure>
  </testcase> <!-- myTest -->
  <testcase classname="com.iween.OneWay.TCCP_3" name="myTest" time="98.259"/>
  <testcase classname="com.iween.OneWay.TCCP_4" name="myTest" time="118.154">
    <failure type="java.lang.AssertionError" message="Arrival time not displayed in results.">
      <![CDATA[java.lang.AssertionError: Arrival time not displayed in results.
at com.skytraveller.pageObjects1.SearchPage.ValidateArrivalTime(SearchPage.java:2317)
at com.iween.OneWay.TCCP_4.myTest(TCCP_4.java:146)
at java.base/java.util.concurrent.Executors$RunnableAdapter.call(Executors.java:572)
at java.base/java.util.concurrent.FutureTask.run(FutureTask.java:317)
at java.base/java.util.concurrent.ThreadPoolExecutor.runWorker(ThreadPoolExecutor.java:1144)
at java.base/java.util.concurrent.ThreadPoolExecutor$Worker.run(ThreadPoolExecutor.java:642)
at java.base/java.lang.Thread.run(Thread.java:1583)
... Removed 12 stack frames]]>
    </failure>
  </testcase> <!-- myTest -->
  <testcase classname="com.iween.OneWay.TCCP_3" name="myTest" time="99.888"/>
  <testcase classname="com.iween.OneWay.TCCP_4" name="myTest" time="116.206">
    <failure type="java.lang.AssertionError" message="null">
      <![CDATA[java.lang.AssertionError: null
at com.skytraveller.pageObjects1.ResultPage.validateResultPage1(ResultPage.java:400)
at com.iween.OneWay.TCCP_4.myTest(TCCP_4.java:130)
at java.base/java.util.concurrent.Executors$RunnableAdapter.call(Executors.java:572)
at java.base/java.util.concurrent.FutureTask.run(FutureTask.java:317)
at java.base/java.util.concurrent.ThreadPoolExecutor.runWorker(ThreadPoolExecutor.java:1144)
at java.base/java.util.concurrent.ThreadPoolExecutor$Worker.run(ThreadPoolExecutor.java:642)
at java.base/java.lang.Thread.run(Thread.java:1583)
... Removed 13 stack frames]]>
    </failure>
  </testcase> <!-- myTest -->
  <testcase classname="com.iween.OneWay.TCCP_3" name="myTest" time="124.116"/>
  <testcase classname="com.iween.OneWay.TCCP_4" name="myTest" time="116.361">
    <failure type="java.lang.AssertionError" message="null">
      <![CDATA[java.lang.AssertionError: null
at com.skytraveller.pageObjects1.ResultPage.validateResultPage1(ResultPage.java:400)
at com.iween.OneWay.TCCP_4.myTest(TCCP_4.java:130)
at java.base/java.util.concurrent.Executors$RunnableAdapter.call(Executors.java:572)
at java.base/java.util.concurrent.FutureTask.run(FutureTask.java:317)
at java.base/java.util.concurrent.ThreadPoolExecutor.runWorker(ThreadPoolExecutor.java:1144)
at java.base/java.util.concurrent.ThreadPoolExecutor$Worker.run(ThreadPoolExecutor.java:642)
at java.base/java.lang.Thread.run(Thread.java:1583)
... Removed 13 stack frames]]>
    </failure>
  </testcase> <!-- myTest -->
  <testcase classname="com.iween.OneWay.TCCP_3" name="myTest" time="140.826"/>
  <testcase classname="com.iween.OneWay.TCCP_4" name="myTest" time="133.894"/>
  <testcase classname="com.iween.OneWay.TCCP_3" name="myTest" time="122.123"/>
  <testcase classname="com.iween.OneWay.TCCP_4" name="myTest" time="134.431"/>
  <testcase classname="com.iween.OneWay.TCCP_4" name="myTest" time="137.798"/>
  <testcase classname="com.iween.OneWay.TCCP_4" name="myTest" time="111.894">
    <failure type="java.lang.AssertionError" message="Arrival time not displayed in results.">
      <![CDATA[java.lang.AssertionError: Arrival time not displayed in results.
at com.skytraveller.pageObjects1.SearchPage.ValidateArrivalTime(SearchPage.java:2317)
at com.iween.OneWay.TCCP_4.myTest(TCCP_4.java:146)
at java.base/java.util.concurrent.Executors$RunnableAdapter.call(Executors.java:572)
at java.base/java.util.concurrent.FutureTask.run(FutureTask.java:317)
at java.base/java.util.concurrent.ThreadPoolExecutor.runWorker(ThreadPoolExecutor.java:1144)
at java.base/java.util.concurrent.ThreadPoolExecutor$Worker.run(ThreadPoolExecutor.java:642)
at java.base/java.lang.Thread.run(Thread.java:1583)
... Removed 12 stack frames]]>
    </failure>
  </testcase> <!-- myTest -->
  <testcase classname="com.iween.OneWay.TCCP_4" name="myTest" time="147.112">
    <failure type="java.lang.AssertionError" message="Departure time not displayed in results.">
      <![CDATA[java.lang.AssertionError: Departure time not displayed in results.
at com.skytraveller.pageObjects1.SearchPage.ValidateDepartureTime(SearchPage.java:2628)
at com.iween.OneWay.TCCP_4.myTest(TCCP_4.java:149)
at java.base/java.util.concurrent.Executors$RunnableAdapter.call(Executors.java:572)
at java.base/java.util.concurrent.FutureTask.run(FutureTask.java:317)
at java.base/java.util.concurrent.ThreadPoolExecutor.runWorker(ThreadPoolExecutor.java:1144)
at java.base/java.util.concurrent.ThreadPoolExecutor$Worker.run(ThreadPoolExecutor.java:642)
at java.base/java.lang.Thread.run(Thread.java:1583)
... Removed 12 stack frames]]>
    </failure>
  </testcase> <!-- myTest -->
  <testcase classname="com.iween.OneWay.TCCP_4" name="myTest" time="124.029"/>
  <testcase classname="com.iween.OneWay.TCCP_4" name="myTest" time="119.565">
    <failure type="java.lang.AssertionError" message="Arrival time not displayed in results.">
      <![CDATA[java.lang.AssertionError: Arrival time not displayed in results.
at com.skytraveller.pageObjects1.SearchPage.ValidateArrivalTime(SearchPage.java:2317)
at com.iween.OneWay.TCCP_4.myTest(TCCP_4.java:146)
at java.base/java.util.concurrent.Executors$RunnableAdapter.call(Executors.java:572)
at java.base/java.util.concurrent.FutureTask.run(FutureTask.java:317)
at java.base/java.util.concurrent.ThreadPoolExecutor.runWorker(ThreadPoolExecutor.java:1144)
at java.base/java.util.concurrent.ThreadPoolExecutor$Worker.run(ThreadPoolExecutor.java:642)
at java.base/java.lang.Thread.run(Thread.java:1583)
... Removed 12 stack frames]]>
    </failure>
  </testcase> <!-- myTest -->
  <testcase classname="com.iween.OneWay.TCCP_4" name="myTest" time="135.346"/>
  <testcase classname="com.iween.OneWay.TCCP_4" name="myTest" time="134.178"/>
  <testcase classname="com.iween.OneWay.TCCP_4" name="myTest" time="155.653">
    <failure type="java.lang.AssertionError" message="Departure time not displayed in results.">
      <![CDATA[java.lang.AssertionError: Departure time not displayed in results.
at com.skytraveller.pageObjects1.SearchPage.ValidateDepartureTime(SearchPage.java:2628)
at com.iween.OneWay.TCCP_4.myTest(TCCP_4.java:149)
at java.base/java.util.concurrent.Executors$RunnableAdapter.call(Executors.java:572)
at java.base/java.util.concurrent.FutureTask.run(FutureTask.java:317)
at java.base/java.util.concurrent.ThreadPoolExecutor.runWorker(ThreadPoolExecutor.java:1144)
at java.base/java.util.concurrent.ThreadPoolExecutor$Worker.run(ThreadPoolExecutor.java:642)
at java.base/java.lang.Thread.run(Thread.java:1583)
... Removed 12 stack frames]]>
    </failure>
  </testcase> <!-- myTest -->
  <testcase classname="com.iween.OneWay.TCCP_4" name="myTest" time="133.555"/>
  <testcase classname="com.iween.OneWay.TCCP_4" name="myTest" time="129.519"/>
  <testcase classname="com.iween.OneWay.TCCP_4" name="myTest" time="137.685"/>
  <testcase classname="com.iween.OneWay.TCCP_4" name="myTest" time="139.944"/>
  <testcase classname="com.iween.OneWay.TCCP_4" name="myTest" time="132.039"/>
  <testcase classname="com.iween.OneWay.TCCP_4" name="myTest" time="148.695">
    <failure type="java.lang.AssertionError" message="Departure time not displayed in results.">
      <![CDATA[java.lang.AssertionError: Departure time not displayed in results.
at com.skytraveller.pageObjects1.SearchPage.ValidateDepartureTime(SearchPage.java:2628)
at com.iween.OneWay.TCCP_4.myTest(TCCP_4.java:149)
at java.base/java.util.concurrent.Executors$RunnableAdapter.call(Executors.java:572)
at java.base/java.util.concurrent.FutureTask.run(FutureTask.java:317)
at java.base/java.util.concurrent.ThreadPoolExecutor.runWorker(ThreadPoolExecutor.java:1144)
at java.base/java.util.concurrent.ThreadPoolExecutor$Worker.run(ThreadPoolExecutor.java:642)
at java.base/java.lang.Thread.run(Thread.java:1583)
... Removed 12 stack frames]]>
    </failure>
  </testcase> <!-- myTest -->
  <testcase classname="com.iween.OneWay.TCCP_4" name="myTest" time="131.366"/>
  <testcase classname="com.iween.OneWay.TCCP_4" name="myTest" time="128.608"/>
  <testcase classname="com.iween.OneWay.TCCP_4" name="myTest" time="135.35"/>
  <testcase classname="com.iween.OneWay.TCCP_4" name="myTest" time="136.276"/>
  <testcase classname="com.iween.OneWay.TCCP_4" name="myTest" time="132.611"/>
  <testcase classname="com.iween.OneWay.TCCP_4" name="myTest" time="139.417"/>
  <testcase classname="com.iween.OneWay.TCCP_4" name="myTest" time="134.224"/>
</testsuite> <!--  Search Tests -->
