<?xml version="1.0" encoding="UTF-8"?>
<!-- Generated by org.testng.reporters.JUnitXMLReporter -->
<testsuite ignored="0" hostname="DESKTOP-SEE9OFQ" failures="0" tests="2" name=" Search Tests" time="0.866" errors="0" timestamp="2025-09-24T18:27:09 IST">
  <testcase classname="com.iween.testBase.baseClass" name="@BeforeMethod setup" time="0.009">
    <failure type="java.lang.IllegalStateException" message="Missing required property: execution_env">
      <![CDATA[java.lang.IllegalStateException: Missing required property: execution_env
at com.iween.testBase.baseClass.getRequiredProperty(baseClass.java:98)
at com.iween.testBase.baseClass.setup(baseClass.java:59)
at java.base/java.util.concurrent.Executors$RunnableAdapter.call(Executors.java:572)
at java.base/java.util.concurrent.FutureTask.run(FutureTask.java:317)
at java.base/java.util.concurrent.ThreadPoolExecutor.runWorker(ThreadPoolExecutor.java:1144)
at java.base/java.util.concurrent.ThreadPoolExecutor$Worker.run(ThreadPoolExecutor.java:642)
at java.base/java.lang.Thread.run(Thread.java:1583)
... Removed 15 stack frames]]>
    </failure>
  </testcase> <!-- @BeforeMethod setup -->
  <testcase classname="com.iween.testBase.baseClass" name="@AfterMethod tearDown" time="0.0">
    <skipped/>
  </testcase> <!-- @AfterMethod tearDown -->
  <testcase classname="com.iween.testBase.baseClass" name="@BeforeMethod setup" time="0.0">
    <skipped/>
  </testcase> <!-- @BeforeMethod setup -->
  <testcase classname="com.iween.testBase.baseClass" name="@AfterMethod tearDown" time="0.0">
    <skipped/>
  </testcase> <!-- @AfterMethod tearDown -->
  <testcase classname="com.iween.OneWay.TCCP_1" name="myTest" time="0.0">
    <skipped/>
  </testcase> <!-- myTest -->
  <testcase classname="com.iween.OneWay.TCCP_1" name="myTest" time="0.0">
    <skipped/>
  </testcase> <!-- myTest -->
</testsuite> <!--  Search Tests -->
