<?xml version="1.0" encoding="UTF-8"?>
<testng-results ignored="0" total="2" passed="1" failed="1" skipped="0">
  <reporter-output>
  </reporter-output>
  <suite started-at="2025-09-24T18:36:35 IST" name="iween Test Suite" finished-at="2025-09-24T18:40:00 IST" duration-ms="205184">
    <groups>
    </groups>
    <test started-at="2025-09-24T18:36:35 IST" name=" Search Tests" finished-at="2025-09-24T18:39:59 IST" duration-ms="204257">
      <class name="com.iween.OneWay.TCCP_1">
        <test-method is-config="true" signature="setup(java.lang.String,java.lang.String,java.lang.reflect.Method)[pri:0, instance:com.iween.OneWay.TCCP_1@4a07d605]" started-at="2025-09-24T18:36:36 IST" name="setup" finished-at="2025-09-24T18:36:39 IST" duration-ms="3459" status="PASS">
          <params>
            <param index="0">
              <value>
                <![CDATA[Windows]]>
              </value>
            </param>
            <param index="1">
              <value>
                <![CDATA[chrome]]>
              </value>
            </param>
            <param index="2">
              <value>
                <![CDATA[public void com.iween.OneWay.TCCP_1.myTest(java.util.Map) throws java.lang.Exception]]>
              </value>
            </param>
          </params>
          <reporter-output>
          </reporter-output>
        </test-method> <!-- setup -->
        <test-method signature="myTest(java.util.Map)[pri:0, instance:com.iween.OneWay.TCCP_1@4a07d605]" started-at="2025-09-24T18:36:39 IST" name="myTest" data-provider="excelData" finished-at="2025-09-24T18:37:45 IST" duration-ms="65213" status="PASS">
          <params>
            <param index="0">
              <value>
                <![CDATA[{AdultsCounts=1, RefundableInfo=Non-Refundable,Refundable, FareType=ECO VALUEs,ECONOMY CONVENIENCEs, airLine=Air Indias,Qatar Airwayss, Depart From=SIN, Going To=DXB, InfantsCount=1, ArrivalFilter=00 -06,18-00, DepartureFilter=00 -06,18-00, Stops=1 Stop,2 stops, SKIP=, Class=Economy, ChildrenCount=1}]]>
              </value>
            </param>
          </params>
          <reporter-output>
          </reporter-output>
        </test-method> <!-- myTest -->
        <test-method is-config="true" signature="tearDown()[pri:0, instance:com.iween.OneWay.TCCP_1@4a07d605]" started-at="2025-09-24T18:37:45 IST" name="tearDown" finished-at="2025-09-24T18:37:45 IST" duration-ms="557" status="PASS">
          <reporter-output>
          </reporter-output>
        </test-method> <!-- tearDown -->
        <test-method is-config="true" signature="setup(java.lang.String,java.lang.String,java.lang.reflect.Method)[pri:0, instance:com.iween.OneWay.TCCP_1@4a07d605]" started-at="2025-09-24T18:37:45 IST" name="setup" finished-at="2025-09-24T18:37:48 IST" duration-ms="2532" status="PASS">
          <params>
            <param index="0">
              <value>
                <![CDATA[Windows]]>
              </value>
            </param>
            <param index="1">
              <value>
                <![CDATA[chrome]]>
              </value>
            </param>
            <param index="2">
              <value>
                <![CDATA[public void com.iween.OneWay.TCCP_1.myTest(java.util.Map) throws java.lang.Exception]]>
              </value>
            </param>
          </params>
          <reporter-output>
          </reporter-output>
        </test-method> <!-- setup -->
        <test-method signature="myTest(java.util.Map)[pri:0, instance:com.iween.OneWay.TCCP_1@4a07d605]" started-at="2025-09-24T18:37:48 IST" name="myTest" data-provider="excelData" finished-at="2025-09-24T18:39:59 IST" duration-ms="131003" status="FAIL">
          <params>
            <param index="0">
              <value>
                <![CDATA[{AdultsCounts=1, RefundableInfo=Non-Refundable,Refundable, FareType=ECO VALUE,ECONOMY CONVENIENCE, airLine=Air India,Qatar Airways, Depart From=SIN, Going To=DXB, InfantsCount=1, ArrivalFilter=00 -06,18-00, DepartureFilter=00 -06,18-00, Stops=1 Stop,2 stops, SKIP=, Class=Economy, ChildrenCount=1}]]>
              </value>
            </param>
          </params>
          <exception class="java.lang.AssertionError">
            <message>
              <![CDATA[null]]>
            </message>
            <full-stacktrace>
              <![CDATA[java.lang.AssertionError: null
at org.testng.Assert.fail(Assert.java:111)
at org.testng.Assert.fail(Assert.java:116)
at com.skytraveller.pageObjects1.ResultPage.validateResultPage1(ResultPage.java:407)
at com.iween.OneWay.TCCP_1.myTest(TCCP_1.java:122)
at java.base/jdk.internal.reflect.DirectMethodHandleAccessor.invoke(DirectMethodHandleAccessor.java:103)
at java.base/java.lang.reflect.Method.invoke(Method.java:580)
at org.testng.internal.invokers.MethodInvocationHelper.invokeMethod(MethodInvocationHelper.java:141)
at org.testng.internal.invokers.TestInvoker.invokeMethod(TestInvoker.java:687)
at org.testng.internal.invokers.TestInvoker.invokeTestMethod(TestInvoker.java:230)
at org.testng.internal.invokers.MethodRunner.runInSequence(MethodRunner.java:63)
at org.testng.internal.invokers.TestInvoker$MethodInvocationAgent.invoke(TestInvoker.java:995)
at org.testng.internal.invokers.TestInvoker.invokeTestMethods(TestInvoker.java:203)
at org.testng.internal.invokers.TestMethodWorker.invokeTestMethods(TestMethodWorker.java:154)
at org.testng.internal.invokers.TestMethodWorker.run(TestMethodWorker.java:134)
at java.base/java.util.concurrent.Executors$RunnableAdapter.call(Executors.java:572)
at java.base/java.util.concurrent.FutureTask.run(FutureTask.java:317)
at org.testng.internal.thread.graph.TestNGFutureTask.run(TestNGFutureTask.java:22)
at java.base/java.util.concurrent.ThreadPoolExecutor.runWorker(ThreadPoolExecutor.java:1144)
at java.base/java.util.concurrent.ThreadPoolExecutor$Worker.run(ThreadPoolExecutor.java:642)
at java.base/java.lang.Thread.run(Thread.java:1583)
]]>
            </full-stacktrace>
          </exception> <!-- java.lang.AssertionError -->
          <reporter-output>
          </reporter-output>
        </test-method> <!-- myTest -->
        <test-method is-config="true" signature="tearDown()[pri:0, instance:com.iween.OneWay.TCCP_1@4a07d605]" started-at="2025-09-24T18:39:59 IST" name="tearDown" finished-at="2025-09-24T18:39:59 IST" duration-ms="648" status="PASS">
          <reporter-output>
          </reporter-output>
        </test-method> <!-- tearDown -->
      </class> <!-- com.iween.OneWay.TCCP_1 -->
    </test> <!--  Search Tests -->
    <test started-at="2025-09-24T18:40:00 IST" name="OneWay1" finished-at="2025-09-24T18:40:00 IST" duration-ms="6">
    </test> <!-- OneWay1 -->
    <test started-at="2025-09-24T18:40:00 IST" name="OneWay2" finished-at="2025-09-24T18:40:00 IST" duration-ms="3">
    </test> <!-- OneWay2 -->
    <test started-at="2025-09-24T18:40:00 IST" name=" onway Tests" finished-at="2025-09-24T18:40:00 IST" duration-ms="3">
    </test> <!--  onway Tests -->
    <test started-at="2025-09-24T18:40:00 IST" name="SearchToBookingOneWay" finished-at="2025-09-24T18:40:00 IST" duration-ms="0">
    </test> <!-- SearchToBookingOneWay -->
    <test started-at="2025-09-24T18:40:00 IST" name="SearchToBookingRoundTrip" finished-at="2025-09-24T18:40:00 IST" duration-ms="2">
    </test> <!-- SearchToBookingRoundTrip -->
  </suite> <!-- iween Test Suite -->
</testng-results>
