<?xml version="1.0" encoding="UTF-8"?>
<testng-results ignored="0" total="116" passed="97" failed="19" skipped="0">
  <reporter-output>
  </reporter-output>
  <suite started-at="2025-09-16T12:52:59 IST" name="iween Test Suite" finished-at="2025-09-16T14:37:26 IST" duration-ms="6266621">
    <groups>
    </groups>
    <test started-at="2025-09-16T12:52:59 IST" name=" Search Tests" finished-at="2025-09-16T14:37:23 IST" duration-ms="6264446">
      <class name="com.iween.OneWay.TCCP_3">
        <test-method is-config="true" signature="setup(java.lang.String,java.lang.String,java.lang.reflect.Method)[pri:0, instance:com.iween.OneWay.TCCP_3@c667f46]" started-at="2025-09-16T12:53:00 IST" name="setup" finished-at="2025-09-16T12:53:07 IST" duration-ms="6997" status="PASS">
          <params>
            <param index="0">
              <value>
                <![CDATA[Windows]]>
              </value>
            </param>
            <param index="1">
              <value>
                <![CDATA[chrome]]>
              </value>
            </param>
            <param index="2">
              <value>
                <![CDATA[public void com.iween.OneWay.TCCP_3.myTest(java.util.Map) throws java.lang.Exception]]>
              </value>
            </param>
          </params>
          <reporter-output>
          </reporter-output>
        </test-method> <!-- setup -->
        <test-method signature="myTest(java.util.Map)[pri:0, instance:com.iween.OneWay.TCCP_3@c667f46]" started-at="2025-09-16T12:53:07 IST" name="myTest" data-provider="excelData" finished-at="2025-09-16T12:54:47 IST" duration-ms="100193" status="PASS">
          <params>
            <param index="0">
              <value>
                <![CDATA[{AdultsCounts=1, RefundableInfo=Non-Refundable,Refundable, FareType=ECO SAVER,ECONOMY BASIC, airLine=Air Indias,Qatar Airwayss, Depart From=SIN, Going To=DXB, InfantsCount=1, ArrivalFilter=00 -06,18-00, DepartureFilter=00 -06,18-00, Stops=1 Stop,2 stops, SKIP=, Class=Economy, ChildrenCount=1}]]>
              </value>
            </param>
          </params>
          <reporter-output>
          </reporter-output>
        </test-method> <!-- myTest -->
        <test-method is-config="true" signature="tearDown()[pri:0, instance:com.iween.OneWay.TCCP_3@c667f46]" started-at="2025-09-16T12:54:47 IST" name="tearDown" finished-at="2025-09-16T12:54:48 IST" duration-ms="669" status="PASS">
          <reporter-output>
          </reporter-output>
        </test-method> <!-- tearDown -->
        <test-method is-config="true" signature="setup(java.lang.String,java.lang.String,java.lang.reflect.Method)[pri:0, instance:com.iween.OneWay.TCCP_3@c667f46]" started-at="2025-09-16T12:54:48 IST" name="setup" finished-at="2025-09-16T12:54:50 IST" duration-ms="2228" status="PASS">
          <params>
            <param index="0">
              <value>
                <![CDATA[Windows]]>
              </value>
            </param>
            <param index="1">
              <value>
                <![CDATA[chrome]]>
              </value>
            </param>
            <param index="2">
              <value>
                <![CDATA[public void com.iween.OneWay.TCCP_3.myTest(java.util.Map) throws java.lang.Exception]]>
              </value>
            </param>
          </params>
          <reporter-output>
          </reporter-output>
        </test-method> <!-- setup -->
        <test-method signature="myTest(java.util.Map)[pri:0, instance:com.iween.OneWay.TCCP_3@c667f46]" started-at="2025-09-16T12:54:50 IST" name="myTest" data-provider="excelData" finished-at="2025-09-16T12:56:27 IST" duration-ms="96885" status="PASS">
          <params>
            <param index="0">
              <value>
                <![CDATA[{AdultsCounts=1, RefundableInfo=Non-Refundable,Refundable, FareType=ECO VALUE,ECONOMY CONVENIENCE, airLine=Air India,Qatar Airways, Depart From=SIN, Going To=DXB, InfantsCount=1, ArrivalFilter=00 -06,18-00, DepartureFilter=00 -06,18-00, Stops=1 Stop,2 stops, SKIP=, Class=Economy, ChildrenCount=1}]]>
              </value>
            </param>
          </params>
          <reporter-output>
          </reporter-output>
        </test-method> <!-- myTest -->
        <test-method is-config="true" signature="tearDown()[pri:0, instance:com.iween.OneWay.TCCP_3@c667f46]" started-at="2025-09-16T12:56:27 IST" name="tearDown" finished-at="2025-09-16T12:56:28 IST" duration-ms="697" status="PASS">
          <reporter-output>
          </reporter-output>
        </test-method> <!-- tearDown -->
        <test-method is-config="true" signature="setup(java.lang.String,java.lang.String,java.lang.reflect.Method)[pri:0, instance:com.iween.OneWay.TCCP_3@c667f46]" started-at="2025-09-16T12:56:28 IST" name="setup" finished-at="2025-09-16T12:56:30 IST" duration-ms="2396" status="PASS">
          <params>
            <param index="0">
              <value>
                <![CDATA[Windows]]>
              </value>
            </param>
            <param index="1">
              <value>
                <![CDATA[chrome]]>
              </value>
            </param>
            <param index="2">
              <value>
                <![CDATA[public void com.iween.OneWay.TCCP_3.myTest(java.util.Map) throws java.lang.Exception]]>
              </value>
            </param>
          </params>
          <reporter-output>
          </reporter-output>
        </test-method> <!-- setup -->
        <test-method signature="myTest(java.util.Map)[pri:0, instance:com.iween.OneWay.TCCP_3@c667f46]" started-at="2025-09-16T12:56:30 IST" name="myTest" data-provider="excelData" finished-at="2025-09-16T12:58:31 IST" duration-ms="121224" status="PASS">
          <params>
            <param index="0">
              <value>
                <![CDATA[{AdultsCounts=1, RefundableInfo=Non-Refundable,Refundable, FareType=ECO VALUE,ECONOMY CONVENIENCE, airLine=Air India,Qatar Airways, Depart From=KBL, Going To=DXB, InfantsCount=1, ArrivalFilter=00 -06,18-00, DepartureFilter=00 -06,18-00, Stops=Non Stop, SKIP=, Class=Economy, ChildrenCount=1}]]>
              </value>
            </param>
          </params>
          <reporter-output>
          </reporter-output>
        </test-method> <!-- myTest -->
        <test-method is-config="true" signature="tearDown()[pri:0, instance:com.iween.OneWay.TCCP_3@c667f46]" started-at="2025-09-16T12:58:31 IST" name="tearDown" finished-at="2025-09-16T12:58:32 IST" duration-ms="741" status="PASS">
          <reporter-output>
          </reporter-output>
        </test-method> <!-- tearDown -->
        <test-method is-config="true" signature="setup(java.lang.String,java.lang.String,java.lang.reflect.Method)[pri:0, instance:com.iween.OneWay.TCCP_3@c667f46]" started-at="2025-09-16T12:58:32 IST" name="setup" finished-at="2025-09-16T12:58:34 IST" duration-ms="2347" status="PASS">
          <params>
            <param index="0">
              <value>
                <![CDATA[Windows]]>
              </value>
            </param>
            <param index="1">
              <value>
                <![CDATA[chrome]]>
              </value>
            </param>
            <param index="2">
              <value>
                <![CDATA[public void com.iween.OneWay.TCCP_3.myTest(java.util.Map) throws java.lang.Exception]]>
              </value>
            </param>
          </params>
          <reporter-output>
          </reporter-output>
        </test-method> <!-- setup -->
        <test-method signature="myTest(java.util.Map)[pri:0, instance:com.iween.OneWay.TCCP_3@c667f46]" started-at="2025-09-16T12:58:34 IST" name="myTest" data-provider="excelData" finished-at="2025-09-16T13:00:31 IST" duration-ms="116591" status="PASS">
          <params>
            <param index="0">
              <value>
                <![CDATA[{AdultsCounts=1, RefundableInfo=Non-Refundable,Refundable, FareType=ECO VALUE,ECONOMY CONVENIENCE, airLine=Air India,Qatar Airways, Depart From=IST, Going To=MZR, InfantsCount=1, ArrivalFilter=00 -06,18-00, DepartureFilter=00 -06,18-00, Stops=Non Stop, SKIP=, Class=Economy, ChildrenCount=1}]]>
              </value>
            </param>
          </params>
          <reporter-output>
          </reporter-output>
        </test-method> <!-- myTest -->
        <test-method is-config="true" signature="tearDown()[pri:0, instance:com.iween.OneWay.TCCP_3@c667f46]" started-at="2025-09-16T13:00:31 IST" name="tearDown" finished-at="2025-09-16T13:00:32 IST" duration-ms="711" status="PASS">
          <reporter-output>
          </reporter-output>
        </test-method> <!-- tearDown -->
        <test-method is-config="true" signature="setup(java.lang.String,java.lang.String,java.lang.reflect.Method)[pri:0, instance:com.iween.OneWay.TCCP_3@c667f46]" started-at="2025-09-16T13:00:32 IST" name="setup" finished-at="2025-09-16T13:00:35 IST" duration-ms="2882" status="PASS">
          <params>
            <param index="0">
              <value>
                <![CDATA[Windows]]>
              </value>
            </param>
            <param index="1">
              <value>
                <![CDATA[chrome]]>
              </value>
            </param>
            <param index="2">
              <value>
                <![CDATA[public void com.iween.OneWay.TCCP_3.myTest(java.util.Map) throws java.lang.Exception]]>
              </value>
            </param>
          </params>
          <reporter-output>
          </reporter-output>
        </test-method> <!-- setup -->
        <test-method signature="myTest(java.util.Map)[pri:0, instance:com.iween.OneWay.TCCP_3@c667f46]" started-at="2025-09-16T13:00:35 IST" name="myTest" data-provider="excelData" finished-at="2025-09-16T13:02:30 IST" duration-ms="115970" status="FAIL">
          <params>
            <param index="0">
              <value>
                <![CDATA[{AdultsCounts=1, RefundableInfo=Non-Refundable,Refundable, FareType=ECO VALUE,ECONOMY CONVENIENCE, airLine=Air India,Qatar Airways, Depart From=KDH, Going To=DXB, InfantsCount=1, ArrivalFilter=00 -06,18-00, DepartureFilter=00 -06,18-00, Stops=Non Stop, SKIP=, Class=Economy, ChildrenCount=1}]]>
              </value>
            </param>
          </params>
          <exception class="java.lang.AssertionError">
            <message>
              <![CDATA[null]]>
            </message>
            <full-stacktrace>
              <![CDATA[java.lang.AssertionError: null
at org.testng.Assert.fail(Assert.java:111)
at org.testng.Assert.fail(Assert.java:116)
at com.skytraveller.pageObjects1.ResultPage.validateResultPage1(ResultPage.java:400)
at com.iween.OneWay.TCCP_3.myTest(TCCP_3.java:127)
at java.base/jdk.internal.reflect.DirectMethodHandleAccessor.invoke(DirectMethodHandleAccessor.java:103)
at java.base/java.lang.reflect.Method.invoke(Method.java:580)
at org.testng.internal.invokers.MethodInvocationHelper.invokeMethod(MethodInvocationHelper.java:141)
at org.testng.internal.invokers.TestInvoker.invokeMethod(TestInvoker.java:687)
at org.testng.internal.invokers.TestInvoker.invokeTestMethod(TestInvoker.java:230)
at org.testng.internal.invokers.MethodRunner.runInSequence(MethodRunner.java:63)
at org.testng.internal.invokers.TestInvoker$MethodInvocationAgent.invoke(TestInvoker.java:995)
at org.testng.internal.invokers.TestInvoker.invokeTestMethods(TestInvoker.java:203)
at org.testng.internal.invokers.TestMethodWorker.invokeTestMethods(TestMethodWorker.java:154)
at org.testng.internal.invokers.TestMethodWorker.run(TestMethodWorker.java:134)
at java.base/java.util.concurrent.Executors$RunnableAdapter.call(Executors.java:572)
at java.base/java.util.concurrent.FutureTask.run(FutureTask.java:317)
at org.testng.internal.thread.graph.TestNGFutureTask.run(TestNGFutureTask.java:22)
at java.base/java.util.concurrent.ThreadPoolExecutor.runWorker(ThreadPoolExecutor.java:1144)
at java.base/java.util.concurrent.ThreadPoolExecutor$Worker.run(ThreadPoolExecutor.java:642)
at java.base/java.lang.Thread.run(Thread.java:1583)
]]>
            </full-stacktrace>
          </exception> <!-- java.lang.AssertionError -->
          <reporter-output>
          </reporter-output>
        </test-method> <!-- myTest -->
        <test-method is-config="true" signature="tearDown()[pri:0, instance:com.iween.OneWay.TCCP_3@c667f46]" started-at="2025-09-16T13:02:30 IST" name="tearDown" finished-at="2025-09-16T13:02:32 IST" duration-ms="1265" status="PASS">
          <reporter-output>
          </reporter-output>
        </test-method> <!-- tearDown -->
        <test-method is-config="true" signature="setup(java.lang.String,java.lang.String,java.lang.reflect.Method)[pri:0, instance:com.iween.OneWay.TCCP_3@c667f46]" started-at="2025-09-16T13:02:32 IST" name="setup" finished-at="2025-09-16T13:02:34 IST" duration-ms="2167" status="PASS">
          <params>
            <param index="0">
              <value>
                <![CDATA[Windows]]>
              </value>
            </param>
            <param index="1">
              <value>
                <![CDATA[chrome]]>
              </value>
            </param>
            <param index="2">
              <value>
                <![CDATA[public void com.iween.OneWay.TCCP_3.myTest(java.util.Map) throws java.lang.Exception]]>
              </value>
            </param>
          </params>
          <reporter-output>
          </reporter-output>
        </test-method> <!-- setup -->
        <test-method signature="myTest(java.util.Map)[pri:0, instance:com.iween.OneWay.TCCP_3@c667f46]" started-at="2025-09-16T13:02:34 IST" name="myTest" data-provider="excelData" finished-at="2025-09-16T13:04:30 IST" duration-ms="116122" status="FAIL">
          <params>
            <param index="0">
              <value>
                <![CDATA[{AdultsCounts=1, RefundableInfo=Non-Refundable,Refundable, FareType=ECO VALUE,ECONOMY CONVENIENCE, airLine=Air India,Qatar Airways, Depart From=DXB, Going To=KHT, InfantsCount=1, ArrivalFilter=00 -06,18-00, DepartureFilter=00 -06,18-00, Stops=1 Stop,2 stops, SKIP=, Class=Economy, ChildrenCount=1}]]>
              </value>
            </param>
          </params>
          <exception class="java.lang.AssertionError">
            <message>
              <![CDATA[null]]>
            </message>
            <full-stacktrace>
              <![CDATA[java.lang.AssertionError: null
at org.testng.Assert.fail(Assert.java:111)
at org.testng.Assert.fail(Assert.java:116)
at com.skytraveller.pageObjects1.ResultPage.validateResultPage1(ResultPage.java:400)
at com.iween.OneWay.TCCP_3.myTest(TCCP_3.java:127)
at java.base/jdk.internal.reflect.DirectMethodHandleAccessor.invoke(DirectMethodHandleAccessor.java:103)
at java.base/java.lang.reflect.Method.invoke(Method.java:580)
at org.testng.internal.invokers.MethodInvocationHelper.invokeMethod(MethodInvocationHelper.java:141)
at org.testng.internal.invokers.TestInvoker.invokeMethod(TestInvoker.java:687)
at org.testng.internal.invokers.TestInvoker.invokeTestMethod(TestInvoker.java:230)
at org.testng.internal.invokers.MethodRunner.runInSequence(MethodRunner.java:63)
at org.testng.internal.invokers.TestInvoker$MethodInvocationAgent.invoke(TestInvoker.java:995)
at org.testng.internal.invokers.TestInvoker.invokeTestMethods(TestInvoker.java:203)
at org.testng.internal.invokers.TestMethodWorker.invokeTestMethods(TestMethodWorker.java:154)
at org.testng.internal.invokers.TestMethodWorker.run(TestMethodWorker.java:134)
at java.base/java.util.concurrent.Executors$RunnableAdapter.call(Executors.java:572)
at java.base/java.util.concurrent.FutureTask.run(FutureTask.java:317)
at org.testng.internal.thread.graph.TestNGFutureTask.run(TestNGFutureTask.java:22)
at java.base/java.util.concurrent.ThreadPoolExecutor.runWorker(ThreadPoolExecutor.java:1144)
at java.base/java.util.concurrent.ThreadPoolExecutor$Worker.run(ThreadPoolExecutor.java:642)
at java.base/java.lang.Thread.run(Thread.java:1583)
]]>
            </full-stacktrace>
          </exception> <!-- java.lang.AssertionError -->
          <reporter-output>
          </reporter-output>
        </test-method> <!-- myTest -->
        <test-method is-config="true" signature="tearDown()[pri:0, instance:com.iween.OneWay.TCCP_3@c667f46]" started-at="2025-09-16T13:04:30 IST" name="tearDown" finished-at="2025-09-16T13:04:31 IST" duration-ms="816" status="PASS">
          <reporter-output>
          </reporter-output>
        </test-method> <!-- tearDown -->
        <test-method is-config="true" signature="setup(java.lang.String,java.lang.String,java.lang.reflect.Method)[pri:0, instance:com.iween.OneWay.TCCP_3@c667f46]" started-at="2025-09-16T13:04:31 IST" name="setup" finished-at="2025-09-16T13:04:33 IST" duration-ms="2252" status="PASS">
          <params>
            <param index="0">
              <value>
                <![CDATA[Windows]]>
              </value>
            </param>
            <param index="1">
              <value>
                <![CDATA[chrome]]>
              </value>
            </param>
            <param index="2">
              <value>
                <![CDATA[public void com.iween.OneWay.TCCP_3.myTest(java.util.Map) throws java.lang.Exception]]>
              </value>
            </param>
          </params>
          <reporter-output>
          </reporter-output>
        </test-method> <!-- setup -->
        <test-method signature="myTest(java.util.Map)[pri:0, instance:com.iween.OneWay.TCCP_3@c667f46]" started-at="2025-09-16T13:04:33 IST" name="myTest" data-provider="excelData" finished-at="2025-09-16T13:06:11 IST" duration-ms="97703" status="PASS">
          <params>
            <param index="0">
              <value>
                <![CDATA[{AdultsCounts=1, RefundableInfo=Non-Refundable,Refundable, FareType=ECO VALUE,ECONOMY CONVENIENCE, airLine=Air India,Qatar Airways, Depart From=IST, Going To=BRU, InfantsCount=1, ArrivalFilter=00 -06,18-00, DepartureFilter=00 -06,18-00, Stops=1 Stop,2 stops, SKIP=, Class=Economy, ChildrenCount=1}]]>
              </value>
            </param>
          </params>
          <reporter-output>
          </reporter-output>
        </test-method> <!-- myTest -->
        <test-method is-config="true" signature="tearDown()[pri:0, instance:com.iween.OneWay.TCCP_3@c667f46]" started-at="2025-09-16T13:06:11 IST" name="tearDown" finished-at="2025-09-16T13:06:11 IST" duration-ms="555" status="PASS">
          <reporter-output>
          </reporter-output>
        </test-method> <!-- tearDown -->
        <test-method is-config="true" signature="setup(java.lang.String,java.lang.String,java.lang.reflect.Method)[pri:0, instance:com.iween.OneWay.TCCP_3@c667f46]" started-at="2025-09-16T13:06:11 IST" name="setup" finished-at="2025-09-16T13:06:14 IST" duration-ms="2244" status="PASS">
          <params>
            <param index="0">
              <value>
                <![CDATA[Windows]]>
              </value>
            </param>
            <param index="1">
              <value>
                <![CDATA[chrome]]>
              </value>
            </param>
            <param index="2">
              <value>
                <![CDATA[public void com.iween.OneWay.TCCP_3.myTest(java.util.Map) throws java.lang.Exception]]>
              </value>
            </param>
          </params>
          <reporter-output>
          </reporter-output>
        </test-method> <!-- setup -->
        <test-method signature="myTest(java.util.Map)[pri:0, instance:com.iween.OneWay.TCCP_3@c667f46]" started-at="2025-09-16T13:06:14 IST" name="myTest" data-provider="excelData" finished-at="2025-09-16T13:08:05 IST" duration-ms="111408" status="PASS">
          <params>
            <param index="0">
              <value>
                <![CDATA[{AdultsCounts=1, RefundableInfo=Non-Refundable,Refundable, FareType=ECO VALUE,ECONOMY CONVENIENCE, airLine=Air India,Qatar Airways, Depart From=DUS, Going To=IST, InfantsCount=1, ArrivalFilter=00 -06,18-00, DepartureFilter=00 -06,18-00, Stops=1 Stop,2 stops, SKIP=, Class=Economy, ChildrenCount=1}]]>
              </value>
            </param>
          </params>
          <reporter-output>
          </reporter-output>
        </test-method> <!-- myTest -->
        <test-method is-config="true" signature="tearDown()[pri:0, instance:com.iween.OneWay.TCCP_3@c667f46]" started-at="2025-09-16T13:08:05 IST" name="tearDown" finished-at="2025-09-16T13:08:06 IST" duration-ms="739" status="PASS">
          <reporter-output>
          </reporter-output>
        </test-method> <!-- tearDown -->
        <test-method is-config="true" signature="setup(java.lang.String,java.lang.String,java.lang.reflect.Method)[pri:0, instance:com.iween.OneWay.TCCP_3@c667f46]" started-at="2025-09-16T13:08:06 IST" name="setup" finished-at="2025-09-16T13:08:08 IST" duration-ms="2151" status="PASS">
          <params>
            <param index="0">
              <value>
                <![CDATA[Windows]]>
              </value>
            </param>
            <param index="1">
              <value>
                <![CDATA[chrome]]>
              </value>
            </param>
            <param index="2">
              <value>
                <![CDATA[public void com.iween.OneWay.TCCP_3.myTest(java.util.Map) throws java.lang.Exception]]>
              </value>
            </param>
          </params>
          <reporter-output>
          </reporter-output>
        </test-method> <!-- setup -->
        <test-method signature="myTest(java.util.Map)[pri:0, instance:com.iween.OneWay.TCCP_3@c667f46]" started-at="2025-09-16T13:08:08 IST" name="myTest" data-provider="excelData" finished-at="2025-09-16T13:09:59 IST" duration-ms="110968" status="PASS">
          <params>
            <param index="0">
              <value>
                <![CDATA[{AdultsCounts=1, RefundableInfo=Non-Refundable,Refundable, FareType=ECO VALUE,ECONOMY CONVENIENCE, airLine=Air India,Qatar Airways, Depart From=IST, Going To=FRA, InfantsCount=1, ArrivalFilter=00 -06,18-00, DepartureFilter=00 -06,18-00, Stops=1 Stop,2 stops, SKIP=, Class=Economy, ChildrenCount=1}]]>
              </value>
            </param>
          </params>
          <reporter-output>
          </reporter-output>
        </test-method> <!-- myTest -->
        <test-method is-config="true" signature="tearDown()[pri:0, instance:com.iween.OneWay.TCCP_3@c667f46]" started-at="2025-09-16T13:09:59 IST" name="tearDown" finished-at="2025-09-16T13:10:00 IST" duration-ms="659" status="PASS">
          <reporter-output>
          </reporter-output>
        </test-method> <!-- tearDown -->
        <test-method is-config="true" signature="setup(java.lang.String,java.lang.String,java.lang.reflect.Method)[pri:0, instance:com.iween.OneWay.TCCP_3@c667f46]" started-at="2025-09-16T13:10:00 IST" name="setup" finished-at="2025-09-16T13:10:02 IST" duration-ms="2238" status="PASS">
          <params>
            <param index="0">
              <value>
                <![CDATA[Windows]]>
              </value>
            </param>
            <param index="1">
              <value>
                <![CDATA[chrome]]>
              </value>
            </param>
            <param index="2">
              <value>
                <![CDATA[public void com.iween.OneWay.TCCP_3.myTest(java.util.Map) throws java.lang.Exception]]>
              </value>
            </param>
          </params>
          <reporter-output>
          </reporter-output>
        </test-method> <!-- setup -->
        <test-method signature="myTest(java.util.Map)[pri:0, instance:com.iween.OneWay.TCCP_3@c667f46]" started-at="2025-09-16T13:10:02 IST" name="myTest" data-provider="excelData" finished-at="2025-09-16T13:11:54 IST" duration-ms="112618" status="PASS">
          <params>
            <param index="0">
              <value>
                <![CDATA[{AdultsCounts=1, RefundableInfo=Non-Refundable,Refundable, FareType=ECO VALUE,ECONOMY CONVENIENCE, airLine=Air India,Qatar Airways, Depart From=KBL, Going To=HEA, InfantsCount=1, ArrivalFilter=00 -06,18-00, DepartureFilter=00 -06,18-00, Stops=2 stops, SKIP=, Class=Economy, ChildrenCount=1}]]>
              </value>
            </param>
          </params>
          <reporter-output>
          </reporter-output>
        </test-method> <!-- myTest -->
        <test-method is-config="true" signature="tearDown()[pri:0, instance:com.iween.OneWay.TCCP_3@c667f46]" started-at="2025-09-16T13:11:54 IST" name="tearDown" finished-at="2025-09-16T13:11:55 IST" duration-ms="788" status="PASS">
          <reporter-output>
          </reporter-output>
        </test-method> <!-- tearDown -->
        <test-method is-config="true" signature="setup(java.lang.String,java.lang.String,java.lang.reflect.Method)[pri:0, instance:com.iween.OneWay.TCCP_3@c667f46]" started-at="2025-09-16T13:11:55 IST" name="setup" finished-at="2025-09-16T13:11:58 IST" duration-ms="2449" status="PASS">
          <params>
            <param index="0">
              <value>
                <![CDATA[Windows]]>
              </value>
            </param>
            <param index="1">
              <value>
                <![CDATA[chrome]]>
              </value>
            </param>
            <param index="2">
              <value>
                <![CDATA[public void com.iween.OneWay.TCCP_3.myTest(java.util.Map) throws java.lang.Exception]]>
              </value>
            </param>
          </params>
          <reporter-output>
          </reporter-output>
        </test-method> <!-- setup -->
        <test-method signature="myTest(java.util.Map)[pri:0, instance:com.iween.OneWay.TCCP_3@c667f46]" started-at="2025-09-16T13:11:58 IST" name="myTest" data-provider="excelData" finished-at="2025-09-16T13:14:00 IST" duration-ms="122345" status="PASS">
          <params>
            <param index="0">
              <value>
                <![CDATA[{AdultsCounts=1, RefundableInfo=Non-Refundable,Refundable, FareType=ECO VALUE,ECONOMY CONVENIENCE, airLine=Air India,Qatar Airways, Depart From=KBL, Going To=DXB, InfantsCount=1, ArrivalFilter=00 -06,18-00, DepartureFilter=00 -06,18-00, Stops=2 stops, SKIP=, Class=Economy, ChildrenCount=1}]]>
              </value>
            </param>
          </params>
          <reporter-output>
          </reporter-output>
        </test-method> <!-- myTest -->
        <test-method is-config="true" signature="tearDown()[pri:0, instance:com.iween.OneWay.TCCP_3@c667f46]" started-at="2025-09-16T13:14:00 IST" name="tearDown" finished-at="2025-09-16T13:14:01 IST" duration-ms="818" status="PASS">
          <reporter-output>
          </reporter-output>
        </test-method> <!-- tearDown -->
        <test-method is-config="true" signature="setup(java.lang.String,java.lang.String,java.lang.reflect.Method)[pri:0, instance:com.iween.OneWay.TCCP_3@c667f46]" started-at="2025-09-16T13:14:01 IST" name="setup" finished-at="2025-09-16T13:14:03 IST" duration-ms="2305" status="PASS">
          <params>
            <param index="0">
              <value>
                <![CDATA[Windows]]>
              </value>
            </param>
            <param index="1">
              <value>
                <![CDATA[chrome]]>
              </value>
            </param>
            <param index="2">
              <value>
                <![CDATA[public void com.iween.OneWay.TCCP_3.myTest(java.util.Map) throws java.lang.Exception]]>
              </value>
            </param>
          </params>
          <reporter-output>
          </reporter-output>
        </test-method> <!-- setup -->
        <test-method signature="myTest(java.util.Map)[pri:0, instance:com.iween.OneWay.TCCP_3@c667f46]" started-at="2025-09-16T13:14:03 IST" name="myTest" data-provider="excelData" finished-at="2025-09-16T13:15:56 IST" duration-ms="112738" status="PASS">
          <params>
            <param index="0">
              <value>
                <![CDATA[{AdultsCounts=1, RefundableInfo=Non-Refundable,Refundable, FareType=ECO VALUE,ECONOMY CONVENIENCE, airLine=Air India,Qatar Airways, Depart From=MZR, Going To=KBL, InfantsCount=1, ArrivalFilter=00 -06,18-00, DepartureFilter=00 -06,18-00, Stops=1 Stop, SKIP=, Class=Economy, ChildrenCount=1}]]>
              </value>
            </param>
          </params>
          <reporter-output>
          </reporter-output>
        </test-method> <!-- myTest -->
        <test-method is-config="true" signature="tearDown()[pri:0, instance:com.iween.OneWay.TCCP_3@c667f46]" started-at="2025-09-16T13:15:56 IST" name="tearDown" finished-at="2025-09-16T13:15:57 IST" duration-ms="719" status="PASS">
          <reporter-output>
          </reporter-output>
        </test-method> <!-- tearDown -->
        <test-method is-config="true" signature="setup(java.lang.String,java.lang.String,java.lang.reflect.Method)[pri:0, instance:com.iween.OneWay.TCCP_3@c667f46]" started-at="2025-09-16T13:15:57 IST" name="setup" finished-at="2025-09-16T13:15:59 IST" duration-ms="2271" status="PASS">
          <params>
            <param index="0">
              <value>
                <![CDATA[Windows]]>
              </value>
            </param>
            <param index="1">
              <value>
                <![CDATA[chrome]]>
              </value>
            </param>
            <param index="2">
              <value>
                <![CDATA[public void com.iween.OneWay.TCCP_3.myTest(java.util.Map) throws java.lang.Exception]]>
              </value>
            </param>
          </params>
          <reporter-output>
          </reporter-output>
        </test-method> <!-- setup -->
        <test-method signature="myTest(java.util.Map)[pri:0, instance:com.iween.OneWay.TCCP_3@c667f46]" started-at="2025-09-16T13:15:59 IST" name="myTest" data-provider="excelData" finished-at="2025-09-16T13:18:05 IST" duration-ms="126500" status="PASS">
          <params>
            <param index="0">
              <value>
                <![CDATA[{AdultsCounts=1, RefundableInfo=Non-Refundable,Refundable, FareType=ECO VALUE,ECONOMY CONVENIENCE, airLine=Air India,Qatar Airways, Depart From=DXB, Going To=HEA, InfantsCount=1, ArrivalFilter=00 -06,18-00, DepartureFilter=00 -06,18-00, Stops=1 Stop, SKIP=, Class=Economy, ChildrenCount=1}]]>
              </value>
            </param>
          </params>
          <reporter-output>
          </reporter-output>
        </test-method> <!-- myTest -->
        <test-method is-config="true" signature="tearDown()[pri:0, instance:com.iween.OneWay.TCCP_3@c667f46]" started-at="2025-09-16T13:18:05 IST" name="tearDown" finished-at="2025-09-16T13:18:06 IST" duration-ms="858" status="PASS">
          <reporter-output>
          </reporter-output>
        </test-method> <!-- tearDown -->
        <test-method is-config="true" signature="setup(java.lang.String,java.lang.String,java.lang.reflect.Method)[pri:0, instance:com.iween.OneWay.TCCP_3@c667f46]" started-at="2025-09-16T13:18:06 IST" name="setup" finished-at="2025-09-16T13:18:09 IST" duration-ms="2558" status="PASS">
          <params>
            <param index="0">
              <value>
                <![CDATA[Windows]]>
              </value>
            </param>
            <param index="1">
              <value>
                <![CDATA[chrome]]>
              </value>
            </param>
            <param index="2">
              <value>
                <![CDATA[public void com.iween.OneWay.TCCP_3.myTest(java.util.Map) throws java.lang.Exception]]>
              </value>
            </param>
          </params>
          <reporter-output>
          </reporter-output>
        </test-method> <!-- setup -->
        <test-method signature="myTest(java.util.Map)[pri:0, instance:com.iween.OneWay.TCCP_3@c667f46]" started-at="2025-09-16T13:18:09 IST" name="myTest" data-provider="excelData" finished-at="2025-09-16T13:19:49 IST" duration-ms="99802" status="PASS">
          <params>
            <param index="0">
              <value>
                <![CDATA[{AdultsCounts=1, RefundableInfo=Non-Refundable,Refundable, FareType=ECO VALUE,ECONOMY CONVENIENCE, airLine=Air India,Qatar Airways, Depart From=DXB, Going To=SIN, InfantsCount=1, ArrivalFilter=00 -06,18-00, DepartureFilter=00 -06,18-00, Stops=1 Stop, SKIP=, Class=Economy, ChildrenCount=1}]]>
              </value>
            </param>
          </params>
          <reporter-output>
          </reporter-output>
        </test-method> <!-- myTest -->
        <test-method is-config="true" signature="tearDown()[pri:0, instance:com.iween.OneWay.TCCP_3@c667f46]" started-at="2025-09-16T13:19:49 IST" name="tearDown" finished-at="2025-09-16T13:19:49 IST" duration-ms="706" status="PASS">
          <reporter-output>
          </reporter-output>
        </test-method> <!-- tearDown -->
        <test-method is-config="true" signature="setup(java.lang.String,java.lang.String,java.lang.reflect.Method)[pri:0, instance:com.iween.OneWay.TCCP_3@c667f46]" started-at="2025-09-16T13:19:49 IST" name="setup" finished-at="2025-09-16T13:19:52 IST" duration-ms="2411" status="PASS">
          <params>
            <param index="0">
              <value>
                <![CDATA[Windows]]>
              </value>
            </param>
            <param index="1">
              <value>
                <![CDATA[chrome]]>
              </value>
            </param>
            <param index="2">
              <value>
                <![CDATA[public void com.iween.OneWay.TCCP_3.myTest(java.util.Map) throws java.lang.Exception]]>
              </value>
            </param>
          </params>
          <reporter-output>
          </reporter-output>
        </test-method> <!-- setup -->
        <test-method signature="myTest(java.util.Map)[pri:0, instance:com.iween.OneWay.TCCP_3@c667f46]" started-at="2025-09-16T13:19:52 IST" name="myTest" data-provider="excelData" finished-at="2025-09-16T13:21:33 IST" duration-ms="101372" status="PASS">
          <params>
            <param index="0">
              <value>
                <![CDATA[{AdultsCounts=1, RefundableInfo=Non-Refundable,Refundable, FareType=ECO VALUE,ECONOMY CONVENIENCE, airLine=Air India,Qatar Airways, Depart From=DXB, Going To=FRA, InfantsCount=1, ArrivalFilter=00 -06,18-00, DepartureFilter=00 -06,18-00, Stops=1 Stop, SKIP=, Class=Economy, ChildrenCount=1}]]>
              </value>
            </param>
          </params>
          <reporter-output>
          </reporter-output>
        </test-method> <!-- myTest -->
        <test-method is-config="true" signature="tearDown()[pri:0, instance:com.iween.OneWay.TCCP_3@c667f46]" started-at="2025-09-16T13:21:33 IST" name="tearDown" finished-at="2025-09-16T13:21:34 IST" duration-ms="666" status="PASS">
          <reporter-output>
          </reporter-output>
        </test-method> <!-- tearDown -->
        <test-method is-config="true" signature="setup(java.lang.String,java.lang.String,java.lang.reflect.Method)[pri:0, instance:com.iween.OneWay.TCCP_3@c667f46]" started-at="2025-09-16T13:21:34 IST" name="setup" finished-at="2025-09-16T13:21:36 IST" duration-ms="2283" status="PASS">
          <params>
            <param index="0">
              <value>
                <![CDATA[Windows]]>
              </value>
            </param>
            <param index="1">
              <value>
                <![CDATA[chrome]]>
              </value>
            </param>
            <param index="2">
              <value>
                <![CDATA[public void com.iween.OneWay.TCCP_3.myTest(java.util.Map) throws java.lang.Exception]]>
              </value>
            </param>
          </params>
          <reporter-output>
          </reporter-output>
        </test-method> <!-- setup -->
        <test-method signature="myTest(java.util.Map)[pri:0, instance:com.iween.OneWay.TCCP_3@c667f46]" started-at="2025-09-16T13:21:36 IST" name="myTest" data-provider="excelData" finished-at="2025-09-16T13:23:33 IST" duration-ms="117246" status="PASS">
          <params>
            <param index="0">
              <value>
                <![CDATA[{AdultsCounts=1, RefundableInfo=Non-Refundable,Refundable, FareType=ECO VALUE,ECONOMY CONVENIENCE, airLine=Air India,Qatar Airways, Depart From=KBL, Going To=IST, InfantsCount=1, ArrivalFilter=00 -06,18-00, DepartureFilter=00 -06,18-00, Stops=Non Stop, SKIP=, Class=Economy, ChildrenCount=1}]]>
              </value>
            </param>
          </params>
          <reporter-output>
          </reporter-output>
        </test-method> <!-- myTest -->
        <test-method is-config="true" signature="tearDown()[pri:0, instance:com.iween.OneWay.TCCP_3@c667f46]" started-at="2025-09-16T13:23:33 IST" name="tearDown" finished-at="2025-09-16T13:23:34 IST" duration-ms="801" status="PASS">
          <reporter-output>
          </reporter-output>
        </test-method> <!-- tearDown -->
        <test-method is-config="true" signature="setup(java.lang.String,java.lang.String,java.lang.reflect.Method)[pri:0, instance:com.iween.OneWay.TCCP_3@c667f46]" started-at="2025-09-16T13:23:34 IST" name="setup" finished-at="2025-09-16T13:23:36 IST" duration-ms="2144" status="PASS">
          <params>
            <param index="0">
              <value>
                <![CDATA[Windows]]>
              </value>
            </param>
            <param index="1">
              <value>
                <![CDATA[chrome]]>
              </value>
            </param>
            <param index="2">
              <value>
                <![CDATA[public void com.iween.OneWay.TCCP_3.myTest(java.util.Map) throws java.lang.Exception]]>
              </value>
            </param>
          </params>
          <reporter-output>
          </reporter-output>
        </test-method> <!-- setup -->
        <test-method signature="myTest(java.util.Map)[pri:0, instance:com.iween.OneWay.TCCP_3@c667f46]" started-at="2025-09-16T13:23:36 IST" name="myTest" data-provider="excelData" finished-at="2025-09-16T13:25:16 IST" duration-ms="99565" status="PASS">
          <params>
            <param index="0">
              <value>
                <![CDATA[{AdultsCounts=1, RefundableInfo=Non-Refundable,Refundable, FareType=ECO VALUE,ECONOMY CONVENIENCE, airLine=Air India,Qatar Airways, Depart From=DEL, Going To=HKG, InfantsCount=1, ArrivalFilter=00 -06,18-00, DepartureFilter=00 -06,18-00, Stops=Non Stop, SKIP=, Class=Economy, ChildrenCount=1}]]>
              </value>
            </param>
          </params>
          <reporter-output>
          </reporter-output>
        </test-method> <!-- myTest -->
        <test-method is-config="true" signature="tearDown()[pri:0, instance:com.iween.OneWay.TCCP_3@c667f46]" started-at="2025-09-16T13:25:16 IST" name="tearDown" finished-at="2025-09-16T13:25:16 IST" duration-ms="690" status="PASS">
          <reporter-output>
          </reporter-output>
        </test-method> <!-- tearDown -->
        <test-method is-config="true" signature="setup(java.lang.String,java.lang.String,java.lang.reflect.Method)[pri:0, instance:com.iween.OneWay.TCCP_3@c667f46]" started-at="2025-09-16T13:25:16 IST" name="setup" finished-at="2025-09-16T13:25:19 IST" duration-ms="2173" status="PASS">
          <params>
            <param index="0">
              <value>
                <![CDATA[Windows]]>
              </value>
            </param>
            <param index="1">
              <value>
                <![CDATA[chrome]]>
              </value>
            </param>
            <param index="2">
              <value>
                <![CDATA[public void com.iween.OneWay.TCCP_3.myTest(java.util.Map) throws java.lang.Exception]]>
              </value>
            </param>
          </params>
          <reporter-output>
          </reporter-output>
        </test-method> <!-- setup -->
        <test-method signature="myTest(java.util.Map)[pri:0, instance:com.iween.OneWay.TCCP_3@c667f46]" started-at="2025-09-16T13:25:19 IST" name="myTest" data-provider="excelData" finished-at="2025-09-16T13:26:56 IST" duration-ms="96960" status="PASS">
          <params>
            <param index="0">
              <value>
                <![CDATA[{AdultsCounts=1, RefundableInfo=Non-Refundable,Refundable, FareType=ECO VALUE,ECONOMY CONVENIENCE, airLine=Air India,Qatar Airways, Depart From=BOM, Going To=DXB, InfantsCount=1, ArrivalFilter=00 -06,18-00, DepartureFilter=00 -06,18-00, Stops=Non Stop, SKIP=, Class=Economy, ChildrenCount=1}]]>
              </value>
            </param>
          </params>
          <reporter-output>
          </reporter-output>
        </test-method> <!-- myTest -->
        <test-method is-config="true" signature="tearDown()[pri:0, instance:com.iween.OneWay.TCCP_3@c667f46]" started-at="2025-09-16T13:26:56 IST" name="tearDown" finished-at="2025-09-16T13:26:56 IST" duration-ms="652" status="PASS">
          <reporter-output>
          </reporter-output>
        </test-method> <!-- tearDown -->
        <test-method is-config="true" signature="setup(java.lang.String,java.lang.String,java.lang.reflect.Method)[pri:0, instance:com.iween.OneWay.TCCP_3@c667f46]" started-at="2025-09-16T13:26:56 IST" name="setup" finished-at="2025-09-16T13:26:59 IST" duration-ms="2457" status="PASS">
          <params>
            <param index="0">
              <value>
                <![CDATA[Windows]]>
              </value>
            </param>
            <param index="1">
              <value>
                <![CDATA[chrome]]>
              </value>
            </param>
            <param index="2">
              <value>
                <![CDATA[public void com.iween.OneWay.TCCP_3.myTest(java.util.Map) throws java.lang.Exception]]>
              </value>
            </param>
          </params>
          <reporter-output>
          </reporter-output>
        </test-method> <!-- setup -->
        <test-method signature="myTest(java.util.Map)[pri:0, instance:com.iween.OneWay.TCCP_3@c667f46]" started-at="2025-09-16T13:26:59 IST" name="myTest" data-provider="excelData" finished-at="2025-09-16T13:28:55 IST" duration-ms="115910" status="PASS">
          <params>
            <param index="0">
              <value>
                <![CDATA[{AdultsCounts=1, RefundableInfo=Non-Refundable,Refundable, FareType=ECO VALUE,ECONOMY CONVENIENCE, airLine=Air India,Qatar Airways, Depart From=AUH, Going To=IST, InfantsCount=1, ArrivalFilter=00 -06,18-00, DepartureFilter=00 -06,18-00, Stops=Non Stop, SKIP=, Class=Economy, ChildrenCount=1}]]>
              </value>
            </param>
          </params>
          <reporter-output>
          </reporter-output>
        </test-method> <!-- myTest -->
        <test-method is-config="true" signature="tearDown()[pri:0, instance:com.iween.OneWay.TCCP_3@c667f46]" started-at="2025-09-16T13:28:55 IST" name="tearDown" finished-at="2025-09-16T13:28:55 IST" duration-ms="818" status="PASS">
          <reporter-output>
          </reporter-output>
        </test-method> <!-- tearDown -->
        <test-method is-config="true" signature="setup(java.lang.String,java.lang.String,java.lang.reflect.Method)[pri:0, instance:com.iween.OneWay.TCCP_3@c667f46]" started-at="2025-09-16T13:28:55 IST" name="setup" finished-at="2025-09-16T13:28:58 IST" duration-ms="2204" status="PASS">
          <params>
            <param index="0">
              <value>
                <![CDATA[Windows]]>
              </value>
            </param>
            <param index="1">
              <value>
                <![CDATA[chrome]]>
              </value>
            </param>
            <param index="2">
              <value>
                <![CDATA[public void com.iween.OneWay.TCCP_3.myTest(java.util.Map) throws java.lang.Exception]]>
              </value>
            </param>
          </params>
          <reporter-output>
          </reporter-output>
        </test-method> <!-- setup -->
        <test-method signature="myTest(java.util.Map)[pri:0, instance:com.iween.OneWay.TCCP_3@c667f46]" started-at="2025-09-16T13:28:58 IST" name="myTest" data-provider="excelData" finished-at="2025-09-16T13:30:43 IST" duration-ms="105727" status="PASS">
          <params>
            <param index="0">
              <value>
                <![CDATA[{AdultsCounts=1, RefundableInfo=Non-Refundable,Refundable, FareType=ECO VALUE,ECONOMY CONVENIENCE, airLine=Air India,Qatar Airways, Depart From=IST, Going To=DOH, InfantsCount=1, ArrivalFilter=00 -06,18-00, DepartureFilter=00 -06,18-00, Stops=2 stops, SKIP=, Class=Economy, ChildrenCount=1}]]>
              </value>
            </param>
          </params>
          <reporter-output>
          </reporter-output>
        </test-method> <!-- myTest -->
        <test-method is-config="true" signature="tearDown()[pri:0, instance:com.iween.OneWay.TCCP_3@c667f46]" started-at="2025-09-16T13:30:43 IST" name="tearDown" finished-at="2025-09-16T13:30:44 IST" duration-ms="703" status="PASS">
          <reporter-output>
          </reporter-output>
        </test-method> <!-- tearDown -->
        <test-method is-config="true" signature="setup(java.lang.String,java.lang.String,java.lang.reflect.Method)[pri:0, instance:com.iween.OneWay.TCCP_3@c667f46]" started-at="2025-09-16T13:30:44 IST" name="setup" finished-at="2025-09-16T13:30:47 IST" duration-ms="2499" status="PASS">
          <params>
            <param index="0">
              <value>
                <![CDATA[Windows]]>
              </value>
            </param>
            <param index="1">
              <value>
                <![CDATA[chrome]]>
              </value>
            </param>
            <param index="2">
              <value>
                <![CDATA[public void com.iween.OneWay.TCCP_3.myTest(java.util.Map) throws java.lang.Exception]]>
              </value>
            </param>
          </params>
          <reporter-output>
          </reporter-output>
        </test-method> <!-- setup -->
        <test-method signature="myTest(java.util.Map)[pri:0, instance:com.iween.OneWay.TCCP_3@c667f46]" started-at="2025-09-16T13:30:47 IST" name="myTest" data-provider="excelData" finished-at="2025-09-16T13:32:28 IST" duration-ms="101591" status="PASS">
          <params>
            <param index="0">
              <value>
                <![CDATA[{AdultsCounts=1, RefundableInfo=Non-Refundable,Refundable, FareType=ECO VALUE,ECONOMY CONVENIENCE, airLine=Air India,Qatar Airways, Depart From=SIN, Going To=DXB, InfantsCount=1, ArrivalFilter=00 -06,18-00, DepartureFilter=00 -06,18-00, Stops=Non Stop, SKIP=, Class=Economy, ChildrenCount=1}]]>
              </value>
            </param>
          </params>
          <reporter-output>
          </reporter-output>
        </test-method> <!-- myTest -->
        <test-method is-config="true" signature="tearDown()[pri:0, instance:com.iween.OneWay.TCCP_3@c667f46]" started-at="2025-09-16T13:32:28 IST" name="tearDown" finished-at="2025-09-16T13:32:29 IST" duration-ms="392" status="PASS">
          <reporter-output>
          </reporter-output>
        </test-method> <!-- tearDown -->
        <test-method is-config="true" signature="setup(java.lang.String,java.lang.String,java.lang.reflect.Method)[pri:0, instance:com.iween.OneWay.TCCP_3@c667f46]" started-at="2025-09-16T13:32:29 IST" name="setup" finished-at="2025-09-16T13:32:31 IST" duration-ms="2247" status="PASS">
          <params>
            <param index="0">
              <value>
                <![CDATA[Windows]]>
              </value>
            </param>
            <param index="1">
              <value>
                <![CDATA[chrome]]>
              </value>
            </param>
            <param index="2">
              <value>
                <![CDATA[public void com.iween.OneWay.TCCP_3.myTest(java.util.Map) throws java.lang.Exception]]>
              </value>
            </param>
          </params>
          <reporter-output>
          </reporter-output>
        </test-method> <!-- setup -->
        <test-method signature="myTest(java.util.Map)[pri:0, instance:com.iween.OneWay.TCCP_3@c667f46]" started-at="2025-09-16T13:32:31 IST" name="myTest" data-provider="excelData" finished-at="2025-09-16T13:34:22 IST" duration-ms="111040" status="PASS">
          <params>
            <param index="0">
              <value>
                <![CDATA[{AdultsCounts=1, RefundableInfo=Non-Refundable,Refundable, FareType=ECO VALUE,ECONOMY CONVENIENCE, airLine=Air India,Qatar Airways, Depart From=KBL, Going To=DXB, InfantsCount=1, ArrivalFilter=00 -06,18-00, DepartureFilter=00 -06,18-00, Stops=2 stops, SKIP=, Class=Economy, ChildrenCount=1}]]>
              </value>
            </param>
          </params>
          <reporter-output>
          </reporter-output>
        </test-method> <!-- myTest -->
        <test-method is-config="true" signature="tearDown()[pri:0, instance:com.iween.OneWay.TCCP_3@c667f46]" started-at="2025-09-16T13:34:22 IST" name="tearDown" finished-at="2025-09-16T13:34:22 IST" duration-ms="496" status="PASS">
          <reporter-output>
          </reporter-output>
        </test-method> <!-- tearDown -->
        <test-method is-config="true" signature="setup(java.lang.String,java.lang.String,java.lang.reflect.Method)[pri:0, instance:com.iween.OneWay.TCCP_3@c667f46]" started-at="2025-09-16T13:34:22 IST" name="setup" finished-at="2025-09-16T13:34:24 IST" duration-ms="2120" status="PASS">
          <params>
            <param index="0">
              <value>
                <![CDATA[Windows]]>
              </value>
            </param>
            <param index="1">
              <value>
                <![CDATA[chrome]]>
              </value>
            </param>
            <param index="2">
              <value>
                <![CDATA[public void com.iween.OneWay.TCCP_3.myTest(java.util.Map) throws java.lang.Exception]]>
              </value>
            </param>
          </params>
          <reporter-output>
          </reporter-output>
        </test-method> <!-- setup -->
        <test-method signature="myTest(java.util.Map)[pri:0, instance:com.iween.OneWay.TCCP_3@c667f46]" started-at="2025-09-16T13:34:24 IST" name="myTest" data-provider="excelData" finished-at="2025-09-16T13:36:03 IST" duration-ms="98202" status="PASS">
          <params>
            <param index="0">
              <value>
                <![CDATA[{AdultsCounts=1, RefundableInfo=Non-Refundable,Refundable, FareType=ECO VALUE,ECONOMY CONVENIENCE, airLine=Air India,Qatar Airways, Depart From=DXB, Going To=SIN, InfantsCount=1, ArrivalFilter=00 -06,18-00, DepartureFilter=00 -06,18-00, Stops=Non Stop, SKIP=, Class=Economy, ChildrenCount=1}]]>
              </value>
            </param>
          </params>
          <reporter-output>
          </reporter-output>
        </test-method> <!-- myTest -->
        <test-method is-config="true" signature="tearDown()[pri:0, instance:com.iween.OneWay.TCCP_3@c667f46]" started-at="2025-09-16T13:36:03 IST" name="tearDown" finished-at="2025-09-16T13:36:03 IST" duration-ms="662" status="PASS">
          <reporter-output>
          </reporter-output>
        </test-method> <!-- tearDown -->
        <test-method is-config="true" signature="setup(java.lang.String,java.lang.String,java.lang.reflect.Method)[pri:0, instance:com.iween.OneWay.TCCP_3@c667f46]" started-at="2025-09-16T13:36:03 IST" name="setup" finished-at="2025-09-16T13:36:06 IST" duration-ms="2211" status="PASS">
          <params>
            <param index="0">
              <value>
                <![CDATA[Windows]]>
              </value>
            </param>
            <param index="1">
              <value>
                <![CDATA[chrome]]>
              </value>
            </param>
            <param index="2">
              <value>
                <![CDATA[public void com.iween.OneWay.TCCP_3.myTest(java.util.Map) throws java.lang.Exception]]>
              </value>
            </param>
          </params>
          <reporter-output>
          </reporter-output>
        </test-method> <!-- setup -->
        <test-method signature="myTest(java.util.Map)[pri:0, instance:com.iween.OneWay.TCCP_3@c667f46]" started-at="2025-09-16T13:36:06 IST" name="myTest" data-provider="excelData" finished-at="2025-09-16T13:37:41 IST" duration-ms="95051" status="PASS">
          <params>
            <param index="0">
              <value>
                <![CDATA[{AdultsCounts=1, RefundableInfo=Non-Refundable,Refundable, FareType=ECO VALUE,ECONOMY CONVENIENCE, airLine=Air India,Qatar Airways, Depart From=DXB, Going To=KBL, InfantsCount=1, ArrivalFilter=00 -06,18-00, DepartureFilter=00 -06,18-00, Stops=Non Stop, SKIP=, Class=Economy, ChildrenCount=1}]]>
              </value>
            </param>
          </params>
          <reporter-output>
          </reporter-output>
        </test-method> <!-- myTest -->
        <test-method is-config="true" signature="tearDown()[pri:0, instance:com.iween.OneWay.TCCP_3@c667f46]" started-at="2025-09-16T13:37:41 IST" name="tearDown" finished-at="2025-09-16T13:37:41 IST" duration-ms="702" status="PASS">
          <reporter-output>
          </reporter-output>
        </test-method> <!-- tearDown -->
        <test-method is-config="true" signature="setup(java.lang.String,java.lang.String,java.lang.reflect.Method)[pri:0, instance:com.iween.OneWay.TCCP_3@c667f46]" started-at="2025-09-16T13:37:41 IST" name="setup" finished-at="2025-09-16T13:37:44 IST" duration-ms="2341" status="PASS">
          <params>
            <param index="0">
              <value>
                <![CDATA[Windows]]>
              </value>
            </param>
            <param index="1">
              <value>
                <![CDATA[chrome]]>
              </value>
            </param>
            <param index="2">
              <value>
                <![CDATA[public void com.iween.OneWay.TCCP_3.myTest(java.util.Map) throws java.lang.Exception]]>
              </value>
            </param>
          </params>
          <reporter-output>
          </reporter-output>
        </test-method> <!-- setup -->
        <test-method signature="myTest(java.util.Map)[pri:0, instance:com.iween.OneWay.TCCP_3@c667f46]" started-at="2025-09-16T13:37:44 IST" name="myTest" data-provider="excelData" finished-at="2025-09-16T13:39:22 IST" duration-ms="98259" status="PASS">
          <params>
            <param index="0">
              <value>
                <![CDATA[{AdultsCounts=1, RefundableInfo=Non-Refundable,Refundable, FareType=ECO VALUE,ECONOMY CONVENIENCE, airLine=Air India,Qatar Airways, Depart From=IST, Going To=DXB, InfantsCount=1, ArrivalFilter=00 -06,18-00, DepartureFilter=00 -06,18-00, Stops=2 stops, SKIP=, Class=Economy, ChildrenCount=1}]]>
              </value>
            </param>
          </params>
          <reporter-output>
          </reporter-output>
        </test-method> <!-- myTest -->
        <test-method is-config="true" signature="tearDown()[pri:0, instance:com.iween.OneWay.TCCP_3@c667f46]" started-at="2025-09-16T13:39:22 IST" name="tearDown" finished-at="2025-09-16T13:39:23 IST" duration-ms="644" status="PASS">
          <reporter-output>
          </reporter-output>
        </test-method> <!-- tearDown -->
        <test-method is-config="true" signature="setup(java.lang.String,java.lang.String,java.lang.reflect.Method)[pri:0, instance:com.iween.OneWay.TCCP_3@c667f46]" started-at="2025-09-16T13:39:23 IST" name="setup" finished-at="2025-09-16T13:39:25 IST" duration-ms="2281" status="PASS">
          <params>
            <param index="0">
              <value>
                <![CDATA[Windows]]>
              </value>
            </param>
            <param index="1">
              <value>
                <![CDATA[chrome]]>
              </value>
            </param>
            <param index="2">
              <value>
                <![CDATA[public void com.iween.OneWay.TCCP_3.myTest(java.util.Map) throws java.lang.Exception]]>
              </value>
            </param>
          </params>
          <reporter-output>
          </reporter-output>
        </test-method> <!-- setup -->
        <test-method signature="myTest(java.util.Map)[pri:0, instance:com.iween.OneWay.TCCP_3@c667f46]" started-at="2025-09-16T13:39:25 IST" name="myTest" data-provider="excelData" finished-at="2025-09-16T13:41:05 IST" duration-ms="99888" status="PASS">
          <params>
            <param index="0">
              <value>
                <![CDATA[{AdultsCounts=1, RefundableInfo=Non-Refundable,Refundable, FareType=ECO VALUE,ECONOMY CONVENIENCE, airLine=Air India,Qatar Airways, Depart From=DXB, Going To=IST, InfantsCount=1, ArrivalFilter=00 -06,18-00, DepartureFilter=00 -06,18-00, Stops=Non Stop, SKIP=, Class=Economy, ChildrenCount=1}]]>
              </value>
            </param>
          </params>
          <reporter-output>
          </reporter-output>
        </test-method> <!-- myTest -->
        <test-method is-config="true" signature="tearDown()[pri:0, instance:com.iween.OneWay.TCCP_3@c667f46]" started-at="2025-09-16T13:41:05 IST" name="tearDown" finished-at="2025-09-16T13:41:05 IST" duration-ms="535" status="PASS">
          <reporter-output>
          </reporter-output>
        </test-method> <!-- tearDown -->
        <test-method is-config="true" signature="setup(java.lang.String,java.lang.String,java.lang.reflect.Method)[pri:0, instance:com.iween.OneWay.TCCP_3@c667f46]" started-at="2025-09-16T13:41:05 IST" name="setup" finished-at="2025-09-16T13:41:07 IST" duration-ms="2221" status="PASS">
          <params>
            <param index="0">
              <value>
                <![CDATA[Windows]]>
              </value>
            </param>
            <param index="1">
              <value>
                <![CDATA[chrome]]>
              </value>
            </param>
            <param index="2">
              <value>
                <![CDATA[public void com.iween.OneWay.TCCP_3.myTest(java.util.Map) throws java.lang.Exception]]>
              </value>
            </param>
          </params>
          <reporter-output>
          </reporter-output>
        </test-method> <!-- setup -->
        <test-method signature="myTest(java.util.Map)[pri:0, instance:com.iween.OneWay.TCCP_3@c667f46]" started-at="2025-09-16T13:41:07 IST" name="myTest" data-provider="excelData" finished-at="2025-09-16T13:43:12 IST" duration-ms="124116" status="PASS">
          <params>
            <param index="0">
              <value>
                <![CDATA[{AdultsCounts=1, RefundableInfo=Non-Refundable,Refundable, FareType=ECO VALUE,ECONOMY CONVENIENCE, airLine=Air India,Qatar Airways, Depart From=SHJ, Going To=DAC, InfantsCount=1, ArrivalFilter=00 -06,18-00, DepartureFilter=00 -06,18-00, Stops=Non Stop, SKIP=, Class=Economy, ChildrenCount=1}]]>
              </value>
            </param>
          </params>
          <reporter-output>
          </reporter-output>
        </test-method> <!-- myTest -->
        <test-method is-config="true" signature="tearDown()[pri:0, instance:com.iween.OneWay.TCCP_3@c667f46]" started-at="2025-09-16T13:43:12 IST" name="tearDown" finished-at="2025-09-16T13:43:12 IST" duration-ms="681" status="PASS">
          <reporter-output>
          </reporter-output>
        </test-method> <!-- tearDown -->
        <test-method is-config="true" signature="setup(java.lang.String,java.lang.String,java.lang.reflect.Method)[pri:0, instance:com.iween.OneWay.TCCP_3@c667f46]" started-at="2025-09-16T13:43:12 IST" name="setup" finished-at="2025-09-16T13:43:15 IST" duration-ms="2303" status="PASS">
          <params>
            <param index="0">
              <value>
                <![CDATA[Windows]]>
              </value>
            </param>
            <param index="1">
              <value>
                <![CDATA[chrome]]>
              </value>
            </param>
            <param index="2">
              <value>
                <![CDATA[public void com.iween.OneWay.TCCP_3.myTest(java.util.Map) throws java.lang.Exception]]>
              </value>
            </param>
          </params>
          <reporter-output>
          </reporter-output>
        </test-method> <!-- setup -->
        <test-method signature="myTest(java.util.Map)[pri:0, instance:com.iween.OneWay.TCCP_3@c667f46]" started-at="2025-09-16T13:43:15 IST" name="myTest" data-provider="excelData" finished-at="2025-09-16T13:45:35 IST" duration-ms="140826" status="PASS">
          <params>
            <param index="0">
              <value>
                <![CDATA[{AdultsCounts=1, RefundableInfo=Non-Refundable,Refundable, FareType=ECO VALUE,ECONOMY CONVENIENCE, airLine=Air India,Qatar Airways, Depart From=DEL, Going To=SHJ, InfantsCount=1, ArrivalFilter=00 -06,18-00, DepartureFilter=00 -06,18-00, Stops=Non Stop, SKIP=, Class=Economy, ChildrenCount=1}]]>
              </value>
            </param>
          </params>
          <reporter-output>
          </reporter-output>
        </test-method> <!-- myTest -->
        <test-method is-config="true" signature="tearDown()[pri:0, instance:com.iween.OneWay.TCCP_3@c667f46]" started-at="2025-09-16T13:45:35 IST" name="tearDown" finished-at="2025-09-16T13:45:36 IST" duration-ms="717" status="PASS">
          <reporter-output>
          </reporter-output>
        </test-method> <!-- tearDown -->
        <test-method is-config="true" signature="setup(java.lang.String,java.lang.String,java.lang.reflect.Method)[pri:0, instance:com.iween.OneWay.TCCP_3@c667f46]" started-at="2025-09-16T13:45:36 IST" name="setup" finished-at="2025-09-16T13:45:38 IST" duration-ms="2245" status="PASS">
          <params>
            <param index="0">
              <value>
                <![CDATA[Windows]]>
              </value>
            </param>
            <param index="1">
              <value>
                <![CDATA[chrome]]>
              </value>
            </param>
            <param index="2">
              <value>
                <![CDATA[public void com.iween.OneWay.TCCP_3.myTest(java.util.Map) throws java.lang.Exception]]>
              </value>
            </param>
          </params>
          <reporter-output>
          </reporter-output>
        </test-method> <!-- setup -->
        <test-method signature="myTest(java.util.Map)[pri:0, instance:com.iween.OneWay.TCCP_3@c667f46]" started-at="2025-09-16T13:45:38 IST" name="myTest" data-provider="excelData" finished-at="2025-09-16T13:47:40 IST" duration-ms="122123" status="PASS">
          <params>
            <param index="0">
              <value>
                <![CDATA[{AdultsCounts=1, RefundableInfo=Non-Refundable,Refundable, FareType=ECO VALUE,ECONOMY CONVENIENCE, airLine=Air India,Qatar Airways, Depart From=DAC, Going To=IST, InfantsCount=1, ArrivalFilter=00 -06,18-00, DepartureFilter=00 -06,18-00, Stops=Non Stop, SKIP=, Class=Economy, ChildrenCount=1}]]>
              </value>
            </param>
          </params>
          <reporter-output>
          </reporter-output>
        </test-method> <!-- myTest -->
        <test-method is-config="true" signature="tearDown()[pri:0, instance:com.iween.OneWay.TCCP_3@c667f46]" started-at="2025-09-16T13:47:40 IST" name="tearDown" finished-at="2025-09-16T13:47:41 IST" duration-ms="673" status="PASS">
          <reporter-output>
          </reporter-output>
        </test-method> <!-- tearDown -->
      </class> <!-- com.iween.OneWay.TCCP_3 -->
      <class name="com.iween.OneWay.TCCP_4">
        <test-method is-config="true" signature="setup(java.lang.String,java.lang.String,java.lang.reflect.Method)[pri:0, instance:com.iween.OneWay.TCCP_4@51bd8b5c]" started-at="2025-09-16T13:31:32 IST" name="setup" finished-at="2025-09-16T13:31:34 IST" duration-ms="2680" status="PASS">
          <params>
            <param index="0">
              <value>
                <![CDATA[Windows]]>
              </value>
            </param>
            <param index="1">
              <value>
                <![CDATA[chrome]]>
              </value>
            </param>
            <param index="2">
              <value>
                <![CDATA[public void com.iween.OneWay.TCCP_4.myTest(java.util.Map) throws java.lang.Exception]]>
              </value>
            </param>
          </params>
          <reporter-output>
          </reporter-output>
        </test-method> <!-- setup -->
        <test-method signature="myTest(java.util.Map)[pri:0, instance:com.iween.OneWay.TCCP_4@51bd8b5c]" started-at="2025-09-16T13:31:34 IST" name="myTest" data-provider="excelData" finished-at="2025-09-16T13:33:43 IST" duration-ms="128651" status="PASS">
          <params>
            <param index="0">
              <value>
                <![CDATA[{AdultsCounts=1, RefundableInfo=Non-Refundable,Refundable, FareType=ECO VALUEs,ECONOMY CONVENIENCEs, airLine=Air Indias,Qatar Airwayss, Depart From=SIN, Going To=DXB, InfantsCount=1, ArrivalFilter=00 -06,18-00, DepartureFilter=00 -06,18-00, Stops=1 Stop,2 stops, SKIP=, Class=Economy, ChildrenCount=1}]]>
              </value>
            </param>
          </params>
          <reporter-output>
          </reporter-output>
        </test-method> <!-- myTest -->
        <test-method is-config="true" signature="tearDown()[pri:0, instance:com.iween.OneWay.TCCP_4@51bd8b5c]" started-at="2025-09-16T13:33:43 IST" name="tearDown" finished-at="2025-09-16T13:33:43 IST" duration-ms="365" status="PASS">
          <reporter-output>
          </reporter-output>
        </test-method> <!-- tearDown -->
        <test-method is-config="true" signature="setup(java.lang.String,java.lang.String,java.lang.reflect.Method)[pri:0, instance:com.iween.OneWay.TCCP_4@51bd8b5c]" started-at="2025-09-16T13:33:43 IST" name="setup" finished-at="2025-09-16T13:33:46 IST" duration-ms="2242" status="PASS">
          <params>
            <param index="0">
              <value>
                <![CDATA[Windows]]>
              </value>
            </param>
            <param index="1">
              <value>
                <![CDATA[chrome]]>
              </value>
            </param>
            <param index="2">
              <value>
                <![CDATA[public void com.iween.OneWay.TCCP_4.myTest(java.util.Map) throws java.lang.Exception]]>
              </value>
            </param>
          </params>
          <reporter-output>
          </reporter-output>
        </test-method> <!-- setup -->
        <test-method signature="myTest(java.util.Map)[pri:0, instance:com.iween.OneWay.TCCP_4@51bd8b5c]" started-at="2025-09-16T13:33:46 IST" name="myTest" data-provider="excelData" finished-at="2025-09-16T13:35:55 IST" duration-ms="129101" status="PASS">
          <params>
            <param index="0">
              <value>
                <![CDATA[{AdultsCounts=1, RefundableInfo=Non-Refundable,Refundable, FareType=ECO VALUE,ECONOMY CONVENIENCE, airLine=Air India,Qatar Airways, Depart From=SIN, Going To=DXB, InfantsCount=1, ArrivalFilter=00 -06,18-00, DepartureFilter=00 -06,18-00, Stops=1 Stop,2 stops, SKIP=, Class=Economy, ChildrenCount=1}]]>
              </value>
            </param>
          </params>
          <reporter-output>
          </reporter-output>
        </test-method> <!-- myTest -->
        <test-method is-config="true" signature="tearDown()[pri:0, instance:com.iween.OneWay.TCCP_4@51bd8b5c]" started-at="2025-09-16T13:35:55 IST" name="tearDown" finished-at="2025-09-16T13:35:55 IST" duration-ms="704" status="PASS">
          <reporter-output>
          </reporter-output>
        </test-method> <!-- tearDown -->
        <test-method is-config="true" signature="setup(java.lang.String,java.lang.String,java.lang.reflect.Method)[pri:0, instance:com.iween.OneWay.TCCP_4@51bd8b5c]" started-at="2025-09-16T13:35:55 IST" name="setup" finished-at="2025-09-16T13:35:58 IST" duration-ms="2701" status="PASS">
          <params>
            <param index="0">
              <value>
                <![CDATA[Windows]]>
              </value>
            </param>
            <param index="1">
              <value>
                <![CDATA[chrome]]>
              </value>
            </param>
            <param index="2">
              <value>
                <![CDATA[public void com.iween.OneWay.TCCP_4.myTest(java.util.Map) throws java.lang.Exception]]>
              </value>
            </param>
          </params>
          <reporter-output>
          </reporter-output>
        </test-method> <!-- setup -->
        <test-method signature="myTest(java.util.Map)[pri:0, instance:com.iween.OneWay.TCCP_4@51bd8b5c]" started-at="2025-09-16T13:35:58 IST" name="myTest" data-provider="excelData" finished-at="2025-09-16T13:38:28 IST" duration-ms="150413" status="FAIL">
          <params>
            <param index="0">
              <value>
                <![CDATA[{AdultsCounts=1, RefundableInfo=Non-Refundable,Refundable, FareType=ECO VALUE,ECONOMY CONVENIENCE, airLine=Air India,Qatar Airways, Depart From=KBL, Going To=DXB, InfantsCount=1, ArrivalFilter=00 -06,18-00, DepartureFilter=00 -06,18-00, Stops=Non Stop, SKIP=, Class=Economy, ChildrenCount=1}]]>
              </value>
            </param>
          </params>
          <exception class="java.lang.AssertionError">
            <message>
              <![CDATA[Departure time not displayed in results.]]>
            </message>
            <full-stacktrace>
              <![CDATA[java.lang.AssertionError: Departure time not displayed in results.
at org.testng.Assert.fail(Assert.java:111)
at com.skytraveller.pageObjects1.SearchPage.ValidateDepartureTime(SearchPage.java:2628)
at com.iween.OneWay.TCCP_4.myTest(TCCP_4.java:149)
at java.base/jdk.internal.reflect.DirectMethodHandleAccessor.invoke(DirectMethodHandleAccessor.java:103)
at java.base/java.lang.reflect.Method.invoke(Method.java:580)
at org.testng.internal.invokers.MethodInvocationHelper.invokeMethod(MethodInvocationHelper.java:141)
at org.testng.internal.invokers.TestInvoker.invokeMethod(TestInvoker.java:687)
at org.testng.internal.invokers.TestInvoker.invokeTestMethod(TestInvoker.java:230)
at org.testng.internal.invokers.MethodRunner.runInSequence(MethodRunner.java:63)
at org.testng.internal.invokers.TestInvoker$MethodInvocationAgent.invoke(TestInvoker.java:995)
at org.testng.internal.invokers.TestInvoker.invokeTestMethods(TestInvoker.java:203)
at org.testng.internal.invokers.TestMethodWorker.invokeTestMethods(TestMethodWorker.java:154)
at org.testng.internal.invokers.TestMethodWorker.run(TestMethodWorker.java:134)
at java.base/java.util.concurrent.Executors$RunnableAdapter.call(Executors.java:572)
at java.base/java.util.concurrent.FutureTask.run(FutureTask.java:317)
at org.testng.internal.thread.graph.TestNGFutureTask.run(TestNGFutureTask.java:22)
at java.base/java.util.concurrent.ThreadPoolExecutor.runWorker(ThreadPoolExecutor.java:1144)
at java.base/java.util.concurrent.ThreadPoolExecutor$Worker.run(ThreadPoolExecutor.java:642)
at java.base/java.lang.Thread.run(Thread.java:1583)
]]>
            </full-stacktrace>
          </exception> <!-- java.lang.AssertionError -->
          <reporter-output>
          </reporter-output>
        </test-method> <!-- myTest -->
        <test-method is-config="true" signature="tearDown()[pri:0, instance:com.iween.OneWay.TCCP_4@51bd8b5c]" started-at="2025-09-16T13:38:28 IST" name="tearDown" finished-at="2025-09-16T13:38:29 IST" duration-ms="863" status="PASS">
          <reporter-output>
          </reporter-output>
        </test-method> <!-- tearDown -->
        <test-method is-config="true" signature="setup(java.lang.String,java.lang.String,java.lang.reflect.Method)[pri:0, instance:com.iween.OneWay.TCCP_4@51bd8b5c]" started-at="2025-09-16T13:38:29 IST" name="setup" finished-at="2025-09-16T13:38:32 IST" duration-ms="2356" status="PASS">
          <params>
            <param index="0">
              <value>
                <![CDATA[Windows]]>
              </value>
            </param>
            <param index="1">
              <value>
                <![CDATA[chrome]]>
              </value>
            </param>
            <param index="2">
              <value>
                <![CDATA[public void com.iween.OneWay.TCCP_4.myTest(java.util.Map) throws java.lang.Exception]]>
              </value>
            </param>
          </params>
          <reporter-output>
          </reporter-output>
        </test-method> <!-- setup -->
        <test-method signature="myTest(java.util.Map)[pri:0, instance:com.iween.OneWay.TCCP_4@51bd8b5c]" started-at="2025-09-16T13:38:32 IST" name="myTest" data-provider="excelData" finished-at="2025-09-16T13:40:30 IST" duration-ms="118154" status="FAIL">
          <params>
            <param index="0">
              <value>
                <![CDATA[{AdultsCounts=1, RefundableInfo=Non-Refundable,Refundable, FareType=ECO VALUE,ECONOMY CONVENIENCE, airLine=Air India,Qatar Airways, Depart From=IST, Going To=MZR, InfantsCount=1, ArrivalFilter=00 -06,18-00, DepartureFilter=00 -06,18-00, Stops=Non Stop, SKIP=, Class=Economy, ChildrenCount=1}]]>
              </value>
            </param>
          </params>
          <exception class="java.lang.AssertionError">
            <message>
              <![CDATA[Arrival time not displayed in results.]]>
            </message>
            <full-stacktrace>
              <![CDATA[java.lang.AssertionError: Arrival time not displayed in results.
at org.testng.Assert.fail(Assert.java:111)
at com.skytraveller.pageObjects1.SearchPage.ValidateArrivalTime(SearchPage.java:2317)
at com.iween.OneWay.TCCP_4.myTest(TCCP_4.java:146)
at java.base/jdk.internal.reflect.DirectMethodHandleAccessor.invoke(DirectMethodHandleAccessor.java:103)
at java.base/java.lang.reflect.Method.invoke(Method.java:580)
at org.testng.internal.invokers.MethodInvocationHelper.invokeMethod(MethodInvocationHelper.java:141)
at org.testng.internal.invokers.TestInvoker.invokeMethod(TestInvoker.java:687)
at org.testng.internal.invokers.TestInvoker.invokeTestMethod(TestInvoker.java:230)
at org.testng.internal.invokers.MethodRunner.runInSequence(MethodRunner.java:63)
at org.testng.internal.invokers.TestInvoker$MethodInvocationAgent.invoke(TestInvoker.java:995)
at org.testng.internal.invokers.TestInvoker.invokeTestMethods(TestInvoker.java:203)
at org.testng.internal.invokers.TestMethodWorker.invokeTestMethods(TestMethodWorker.java:154)
at org.testng.internal.invokers.TestMethodWorker.run(TestMethodWorker.java:134)
at java.base/java.util.concurrent.Executors$RunnableAdapter.call(Executors.java:572)
at java.base/java.util.concurrent.FutureTask.run(FutureTask.java:317)
at org.testng.internal.thread.graph.TestNGFutureTask.run(TestNGFutureTask.java:22)
at java.base/java.util.concurrent.ThreadPoolExecutor.runWorker(ThreadPoolExecutor.java:1144)
at java.base/java.util.concurrent.ThreadPoolExecutor$Worker.run(ThreadPoolExecutor.java:642)
at java.base/java.lang.Thread.run(Thread.java:1583)
]]>
            </full-stacktrace>
          </exception> <!-- java.lang.AssertionError -->
          <reporter-output>
          </reporter-output>
        </test-method> <!-- myTest -->
        <test-method is-config="true" signature="tearDown()[pri:0, instance:com.iween.OneWay.TCCP_4@51bd8b5c]" started-at="2025-09-16T13:40:30 IST" name="tearDown" finished-at="2025-09-16T13:40:31 IST" duration-ms="782" status="PASS">
          <reporter-output>
          </reporter-output>
        </test-method> <!-- tearDown -->
        <test-method is-config="true" signature="setup(java.lang.String,java.lang.String,java.lang.reflect.Method)[pri:0, instance:com.iween.OneWay.TCCP_4@51bd8b5c]" started-at="2025-09-16T13:40:31 IST" name="setup" finished-at="2025-09-16T13:40:34 IST" duration-ms="3144" status="PASS">
          <params>
            <param index="0">
              <value>
                <![CDATA[Windows]]>
              </value>
            </param>
            <param index="1">
              <value>
                <![CDATA[chrome]]>
              </value>
            </param>
            <param index="2">
              <value>
                <![CDATA[public void com.iween.OneWay.TCCP_4.myTest(java.util.Map) throws java.lang.Exception]]>
              </value>
            </param>
          </params>
          <reporter-output>
          </reporter-output>
        </test-method> <!-- setup -->
        <test-method signature="myTest(java.util.Map)[pri:0, instance:com.iween.OneWay.TCCP_4@51bd8b5c]" started-at="2025-09-16T13:40:34 IST" name="myTest" data-provider="excelData" finished-at="2025-09-16T13:42:30 IST" duration-ms="116206" status="FAIL">
          <params>
            <param index="0">
              <value>
                <![CDATA[{AdultsCounts=1, RefundableInfo=Non-Refundable,Refundable, FareType=ECO VALUE,ECONOMY CONVENIENCE, airLine=Air India,Qatar Airways, Depart From=KDH, Going To=DXB, InfantsCount=1, ArrivalFilter=00 -06,18-00, DepartureFilter=00 -06,18-00, Stops=Non Stop, SKIP=, Class=Economy, ChildrenCount=1}]]>
              </value>
            </param>
          </params>
          <exception class="java.lang.AssertionError">
            <message>
              <![CDATA[null]]>
            </message>
            <full-stacktrace>
              <![CDATA[java.lang.AssertionError: null
at org.testng.Assert.fail(Assert.java:111)
at org.testng.Assert.fail(Assert.java:116)
at com.skytraveller.pageObjects1.ResultPage.validateResultPage1(ResultPage.java:400)
at com.iween.OneWay.TCCP_4.myTest(TCCP_4.java:130)
at java.base/jdk.internal.reflect.DirectMethodHandleAccessor.invoke(DirectMethodHandleAccessor.java:103)
at java.base/java.lang.reflect.Method.invoke(Method.java:580)
at org.testng.internal.invokers.MethodInvocationHelper.invokeMethod(MethodInvocationHelper.java:141)
at org.testng.internal.invokers.TestInvoker.invokeMethod(TestInvoker.java:687)
at org.testng.internal.invokers.TestInvoker.invokeTestMethod(TestInvoker.java:230)
at org.testng.internal.invokers.MethodRunner.runInSequence(MethodRunner.java:63)
at org.testng.internal.invokers.TestInvoker$MethodInvocationAgent.invoke(TestInvoker.java:995)
at org.testng.internal.invokers.TestInvoker.invokeTestMethods(TestInvoker.java:203)
at org.testng.internal.invokers.TestMethodWorker.invokeTestMethods(TestMethodWorker.java:154)
at org.testng.internal.invokers.TestMethodWorker.run(TestMethodWorker.java:134)
at java.base/java.util.concurrent.Executors$RunnableAdapter.call(Executors.java:572)
at java.base/java.util.concurrent.FutureTask.run(FutureTask.java:317)
at org.testng.internal.thread.graph.TestNGFutureTask.run(TestNGFutureTask.java:22)
at java.base/java.util.concurrent.ThreadPoolExecutor.runWorker(ThreadPoolExecutor.java:1144)
at java.base/java.util.concurrent.ThreadPoolExecutor$Worker.run(ThreadPoolExecutor.java:642)
at java.base/java.lang.Thread.run(Thread.java:1583)
]]>
            </full-stacktrace>
          </exception> <!-- java.lang.AssertionError -->
          <reporter-output>
          </reporter-output>
        </test-method> <!-- myTest -->
        <test-method is-config="true" signature="tearDown()[pri:0, instance:com.iween.OneWay.TCCP_4@51bd8b5c]" started-at="2025-09-16T13:42:30 IST" name="tearDown" finished-at="2025-09-16T13:42:31 IST" duration-ms="660" status="PASS">
          <reporter-output>
          </reporter-output>
        </test-method> <!-- tearDown -->
        <test-method is-config="true" signature="setup(java.lang.String,java.lang.String,java.lang.reflect.Method)[pri:0, instance:com.iween.OneWay.TCCP_4@51bd8b5c]" started-at="2025-09-16T13:42:31 IST" name="setup" finished-at="2025-09-16T13:42:33 IST" duration-ms="2273" status="PASS">
          <params>
            <param index="0">
              <value>
                <![CDATA[Windows]]>
              </value>
            </param>
            <param index="1">
              <value>
                <![CDATA[chrome]]>
              </value>
            </param>
            <param index="2">
              <value>
                <![CDATA[public void com.iween.OneWay.TCCP_4.myTest(java.util.Map) throws java.lang.Exception]]>
              </value>
            </param>
          </params>
          <reporter-output>
          </reporter-output>
        </test-method> <!-- setup -->
[...]
at java.base/java.util.concurrent.ThreadPoolExecutor.runWorker(ThreadPoolExecutor.java:1144)
at java.base/java.util.concurrent.ThreadPoolExecutor$Worker.run(ThreadPoolExecutor.java:642)
at java.base/java.lang.Thread.run(Thread.java:1583)
]]>
            </full-stacktrace>
          </exception> <!-- java.lang.AssertionError -->
          <reporter-output>
          </reporter-output>
        </test-method> <!-- myTest -->
        <test-method is-config="true" signature="tearDown()[pri:0, instance:com.iween.OneWay.TCCP_2@6ca18a14]" started-at="2025-09-16T13:20:11 IST" name="tearDown" finished-at="2025-09-16T13:20:12 IST" duration-ms="951" status="PASS">
          <reporter-output>
          </reporter-output>
        </test-method> <!-- tearDown -->
        <test-method is-config="true" signature="setup(java.lang.String,java.lang.String,java.lang.reflect.Method)[pri:0, instance:com.iween.OneWay.TCCP_2@6ca18a14]" started-at="2025-09-16T13:20:12 IST" name="setup" finished-at="2025-09-16T13:20:15 IST" duration-ms="2391" status="PASS">
          <params>
            <param index="0">
              <value>
                <![CDATA[Windows]]>
              </value>
            </param>
            <param index="1">
              <value>
                <![CDATA[chrome]]>
              </value>
            </param>
            <param index="2">
              <value>
                <![CDATA[public void com.iween.OneWay.TCCP_2.myTest(java.util.Map) throws java.lang.Exception]]>
              </value>
            </param>
          </params>
          <reporter-output>
          </reporter-output>
        </test-method> <!-- setup -->
        <test-method signature="myTest(java.util.Map)[pri:0, instance:com.iween.OneWay.TCCP_2@6ca18a14]" started-at="2025-09-16T13:20:15 IST" name="myTest" data-provider="excelData" finished-at="2025-09-16T13:21:25 IST" duration-ms="70453" status="PASS">
          <params>
            <param index="0">
              <value>
                <![CDATA[{AdultsCounts=1, RefundableInfo=Non-Refundable,Refundable, FareType=ECO VALUE,ECONOMY CONVENIENCE, airLine=Air India,Qatar Airways, Depart From=SIN, Going To=DXB, InfantsCount=1, ArrivalFilter=00 -06,18-00, DepartureFilter=00 -06,18-00, Stops=Non Stop, SKIP=, Class=Economy, ChildrenCount=1}]]>
              </value>
            </param>
          </params>
          <reporter-output>
          </reporter-output>
        </test-method> <!-- myTest -->
        <test-method is-config="true" signature="tearDown()[pri:0, instance:com.iween.OneWay.TCCP_2@6ca18a14]" started-at="2025-09-16T13:21:25 IST" name="tearDown" finished-at="2025-09-16T13:21:26 IST" duration-ms="553" status="PASS">
          <reporter-output>
          </reporter-output>
        </test-method> <!-- tearDown -->
        <test-method is-config="true" signature="setup(java.lang.String,java.lang.String,java.lang.reflect.Method)[pri:0, instance:com.iween.OneWay.TCCP_2@6ca18a14]" started-at="2025-09-16T13:21:26 IST" name="setup" finished-at="2025-09-16T13:21:28 IST" duration-ms="2240" status="PASS">
          <params>
            <param index="0">
              <value>
                <![CDATA[Windows]]>
              </value>
            </param>
            <param index="1">
              <value>
                <![CDATA[chrome]]>
              </value>
            </param>
            <param index="2">
              <value>
                <![CDATA[public void com.iween.OneWay.TCCP_2.myTest(java.util.Map) throws java.lang.Exception]]>
              </value>
            </param>
          </params>
          <reporter-output>
          </reporter-output>
        </test-method> <!-- setup -->
        <test-method signature="myTest(java.util.Map)[pri:0, instance:com.iween.OneWay.TCCP_2@6ca18a14]" started-at="2025-09-16T13:21:28 IST" name="myTest" data-provider="excelData" finished-at="2025-09-16T13:22:45 IST" duration-ms="77136" status="PASS">
          <params>
            <param index="0">
              <value>
                <![CDATA[{AdultsCounts=1, RefundableInfo=Non-Refundable,Refundable, FareType=ECO VALUE,ECONOMY CONVENIENCE, airLine=Air India,Qatar Airways, Depart From=KBL, Going To=DXB, InfantsCount=1, ArrivalFilter=00 -06,18-00, DepartureFilter=00 -06,18-00, Stops=2 stops, SKIP=, Class=Economy, ChildrenCount=1}]]>
              </value>
            </param>
          </params>
          <reporter-output>
          </reporter-output>
        </test-method> <!-- myTest -->
        <test-method is-config="true" signature="tearDown()[pri:0, instance:com.iween.OneWay.TCCP_2@6ca18a14]" started-at="2025-09-16T13:22:45 IST" name="tearDown" finished-at="2025-09-16T13:22:46 IST" duration-ms="646" status="PASS">
          <reporter-output>
          </reporter-output>
        </test-method> <!-- tearDown -->
        <test-method is-config="true" signature="setup(java.lang.String,java.lang.String,java.lang.reflect.Method)[pri:0, instance:com.iween.OneWay.TCCP_2@6ca18a14]" started-at="2025-09-16T13:22:46 IST" name="setup" finished-at="2025-09-16T13:22:48 IST" duration-ms="2328" status="PASS">
          <params>
            <param index="0">
              <value>
                <![CDATA[Windows]]>
              </value>
            </param>
            <param index="1">
              <value>
                <![CDATA[chrome]]>
              </value>
            </param>
            <param index="2">
              <value>
                <![CDATA[public void com.iween.OneWay.TCCP_2.myTest(java.util.Map) throws java.lang.Exception]]>
              </value>
            </param>
          </params>
          <reporter-output>
          </reporter-output>
        </test-method> <!-- setup -->
        <test-method signature="myTest(java.util.Map)[pri:0, instance:com.iween.OneWay.TCCP_2@6ca18a14]" started-at="2025-09-16T13:22:48 IST" name="myTest" data-provider="excelData" finished-at="2025-09-16T13:24:06 IST" duration-ms="78185" status="PASS">
          <params>
            <param index="0">
              <value>
                <![CDATA[{AdultsCounts=1, RefundableInfo=Non-Refundable,Refundable, FareType=ECO VALUE,ECONOMY CONVENIENCE, airLine=Air India,Qatar Airways, Depart From=DXB, Going To=SIN, InfantsCount=1, ArrivalFilter=00 -06,18-00, DepartureFilter=00 -06,18-00, Stops=Non Stop, SKIP=, Class=Economy, ChildrenCount=1}]]>
              </value>
            </param>
          </params>
          <reporter-output>
          </reporter-output>
        </test-method> <!-- myTest -->
        <test-method is-config="true" signature="tearDown()[pri:0, instance:com.iween.OneWay.TCCP_2@6ca18a14]" started-at="2025-09-16T13:24:06 IST" name="tearDown" finished-at="2025-09-16T13:24:07 IST" duration-ms="772" status="PASS">
          <reporter-output>
          </reporter-output>
        </test-method> <!-- tearDown -->
        <test-method is-config="true" signature="setup(java.lang.String,java.lang.String,java.lang.reflect.Method)[pri:0, instance:com.iween.OneWay.TCCP_2@6ca18a14]" started-at="2025-09-16T13:24:07 IST" name="setup" finished-at="2025-09-16T13:24:09 IST" duration-ms="2560" status="PASS">
          <params>
            <param index="0">
              <value>
                <![CDATA[Windows]]>
              </value>
            </param>
            <param index="1">
              <value>
                <![CDATA[chrome]]>
              </value>
            </param>
            <param index="2">
              <value>
                <![CDATA[public void com.iween.OneWay.TCCP_2.myTest(java.util.Map) throws java.lang.Exception]]>
              </value>
            </param>
          </params>
          <reporter-output>
          </reporter-output>
        </test-method> <!-- setup -->
        <test-method signature="myTest(java.util.Map)[pri:0, instance:com.iween.OneWay.TCCP_2@6ca18a14]" started-at="2025-09-16T13:24:09 IST" name="myTest" data-provider="excelData" finished-at="2025-09-16T13:25:15 IST" duration-ms="65446" status="PASS">
          <params>
            <param index="0">
              <value>
                <![CDATA[{AdultsCounts=1, RefundableInfo=Non-Refundable,Refundable, FareType=ECO VALUE,ECONOMY CONVENIENCE, airLine=Air India,Qatar Airways, Depart From=DXB, Going To=KBL, InfantsCount=1, ArrivalFilter=00 -06,18-00, DepartureFilter=00 -06,18-00, Stops=Non Stop, SKIP=, Class=Economy, ChildrenCount=1}]]>
              </value>
            </param>
          </params>
          <reporter-output>
          </reporter-output>
        </test-method> <!-- myTest -->
        <test-method is-config="true" signature="tearDown()[pri:0, instance:com.iween.OneWay.TCCP_2@6ca18a14]" started-at="2025-09-16T13:25:15 IST" name="tearDown" finished-at="2025-09-16T13:25:16 IST" duration-ms="664" status="PASS">
          <reporter-output>
          </reporter-output>
        </test-method> <!-- tearDown -->
        <test-method is-config="true" signature="setup(java.lang.String,java.lang.String,java.lang.reflect.Method)[pri:0, instance:com.iween.OneWay.TCCP_2@6ca18a14]" started-at="2025-09-16T13:25:16 IST" name="setup" finished-at="2025-09-16T13:25:18 IST" duration-ms="2443" status="PASS">
          <params>
            <param index="0">
              <value>
                <![CDATA[Windows]]>
              </value>
            </param>
            <param index="1">
              <value>
                <![CDATA[chrome]]>
              </value>
            </param>
            <param index="2">
              <value>
                <![CDATA[public void com.iween.OneWay.TCCP_2.myTest(java.util.Map) throws java.lang.Exception]]>
              </value>
            </param>
          </params>
          <reporter-output>
          </reporter-output>
        </test-method> <!-- setup -->
        <test-method signature="myTest(java.util.Map)[pri:0, instance:com.iween.OneWay.TCCP_2@6ca18a14]" started-at="2025-09-16T13:25:18 IST" name="myTest" data-provider="excelData" finished-at="2025-09-16T13:26:30 IST" duration-ms="71882" status="PASS">
          <params>
            <param index="0">
              <value>
                <![CDATA[{AdultsCounts=1, RefundableInfo=Non-Refundable,Refundable, FareType=ECO VALUE,ECONOMY CONVENIENCE, airLine=Air India,Qatar Airways, Depart From=IST, Going To=DXB, InfantsCount=1, ArrivalFilter=00 -06,18-00, DepartureFilter=00 -06,18-00, Stops=2 stops, SKIP=, Class=Economy, ChildrenCount=1}]]>
              </value>
            </param>
          </params>
          <reporter-output>
          </reporter-output>
        </test-method> <!-- myTest -->
        <test-method is-config="true" signature="tearDown()[pri:0, instance:com.iween.OneWay.TCCP_2@6ca18a14]" started-at="2025-09-16T13:26:30 IST" name="tearDown" finished-at="2025-09-16T13:26:31 IST" duration-ms="765" status="PASS">
          <reporter-output>
          </reporter-output>
        </test-method> <!-- tearDown -->
        <test-method is-config="true" signature="setup(java.lang.String,java.lang.String,java.lang.reflect.Method)[pri:0, instance:com.iween.OneWay.TCCP_2@6ca18a14]" started-at="2025-09-16T13:26:31 IST" name="setup" finished-at="2025-09-16T13:26:33 IST" duration-ms="2292" status="PASS">
          <params>
            <param index="0">
              <value>
                <![CDATA[Windows]]>
              </value>
            </param>
            <param index="1">
              <value>
                <![CDATA[chrome]]>
              </value>
            </param>
            <param index="2">
              <value>
                <![CDATA[public void com.iween.OneWay.TCCP_2.myTest(java.util.Map) throws java.lang.Exception]]>
              </value>
            </param>
          </params>
          <reporter-output>
          </reporter-output>
        </test-method> <!-- setup -->
        <test-method signature="myTest(java.util.Map)[pri:0, instance:com.iween.OneWay.TCCP_2@6ca18a14]" started-at="2025-09-16T13:26:33 IST" name="myTest" data-provider="excelData" finished-at="2025-09-16T13:27:44 IST" duration-ms="71444" status="PASS">
          <params>
            <param index="0">
              <value>
                <![CDATA[{AdultsCounts=1, RefundableInfo=Non-Refundable,Refundable, FareType=ECO VALUE,ECONOMY CONVENIENCE, airLine=Air India,Qatar Airways, Depart From=DXB, Going To=IST, InfantsCount=1, ArrivalFilter=00 -06,18-00, DepartureFilter=00 -06,18-00, Stops=Non Stop, SKIP=, Class=Economy, ChildrenCount=1}]]>
              </value>
            </param>
          </params>
          <reporter-output>
          </reporter-output>
        </test-method> <!-- myTest -->
        <test-method is-config="true" signature="tearDown()[pri:0, instance:com.iween.OneWay.TCCP_2@6ca18a14]" started-at="2025-09-16T13:27:44 IST" name="tearDown" finished-at="2025-09-16T13:27:45 IST" duration-ms="703" status="PASS">
          <reporter-output>
          </reporter-output>
        </test-method> <!-- tearDown -->
        <test-method is-config="true" signature="setup(java.lang.String,java.lang.String,java.lang.reflect.Method)[pri:0, instance:com.iween.OneWay.TCCP_2@6ca18a14]" started-at="2025-09-16T13:27:45 IST" name="setup" finished-at="2025-09-16T13:27:47 IST" duration-ms="2340" status="PASS">
          <params>
            <param index="0">
              <value>
                <![CDATA[Windows]]>
              </value>
            </param>
            <param index="1">
              <value>
                <![CDATA[chrome]]>
              </value>
            </param>
            <param index="2">
              <value>
                <![CDATA[public void com.iween.OneWay.TCCP_2.myTest(java.util.Map) throws java.lang.Exception]]>
              </value>
            </param>
          </params>
          <reporter-output>
          </reporter-output>
        </test-method> <!-- setup -->
        <test-method signature="myTest(java.util.Map)[pri:0, instance:com.iween.OneWay.TCCP_2@6ca18a14]" started-at="2025-09-16T13:27:47 IST" name="myTest" data-provider="excelData" finished-at="2025-09-16T13:29:02 IST" duration-ms="74984" status="PASS">
          <params>
            <param index="0">
              <value>
                <![CDATA[{AdultsCounts=1, RefundableInfo=Non-Refundable,Refundable, FareType=ECO VALUE,ECONOMY CONVENIENCE, airLine=Air India,Qatar Airways, Depart From=SHJ, Going To=DAC, InfantsCount=1, ArrivalFilter=00 -06,18-00, DepartureFilter=00 -06,18-00, Stops=Non Stop, SKIP=, Class=Economy, ChildrenCount=1}]]>
              </value>
            </param>
          </params>
          <reporter-output>
          </reporter-output>
        </test-method> <!-- myTest -->
        <test-method is-config="true" signature="tearDown()[pri:0, instance:com.iween.OneWay.TCCP_2@6ca18a14]" started-at="2025-09-16T13:29:02 IST" name="tearDown" finished-at="2025-09-16T13:29:03 IST" duration-ms="600" status="PASS">
          <reporter-output>
          </reporter-output>
        </test-method> <!-- tearDown -->
        <test-method is-config="true" signature="setup(java.lang.String,java.lang.String,java.lang.reflect.Method)[pri:0, instance:com.iween.OneWay.TCCP_2@6ca18a14]" started-at="2025-09-16T13:29:03 IST" name="setup" finished-at="2025-09-16T13:29:05 IST" duration-ms="2365" status="PASS">
          <params>
            <param index="0">
              <value>
                <![CDATA[Windows]]>
              </value>
            </param>
            <param index="1">
              <value>
                <![CDATA[chrome]]>
              </value>
            </param>
            <param index="2">
              <value>
                <![CDATA[public void com.iween.OneWay.TCCP_2.myTest(java.util.Map) throws java.lang.Exception]]>
              </value>
            </param>
          </params>
          <reporter-output>
          </reporter-output>
        </test-method> <!-- setup -->
        <test-method signature="myTest(java.util.Map)[pri:0, instance:com.iween.OneWay.TCCP_2@6ca18a14]" started-at="2025-09-16T13:29:05 IST" name="myTest" data-provider="excelData" finished-at="2025-09-16T13:30:13 IST" duration-ms="67879" status="PASS">
          <params>
            <param index="0">
              <value>
                <![CDATA[{AdultsCounts=1, RefundableInfo=Non-Refundable,Refundable, FareType=ECO VALUE,ECONOMY CONVENIENCE, airLine=Air India,Qatar Airways, Depart From=DEL, Going To=SHJ, InfantsCount=1, ArrivalFilter=00 -06,18-00, DepartureFilter=00 -06,18-00, Stops=Non Stop, SKIP=, Class=Economy, ChildrenCount=1}]]>
              </value>
            </param>
          </params>
          <reporter-output>
          </reporter-output>
        </test-method> <!-- myTest -->
        <test-method is-config="true" signature="tearDown()[pri:0, instance:com.iween.OneWay.TCCP_2@6ca18a14]" started-at="2025-09-16T13:30:13 IST" name="tearDown" finished-at="2025-09-16T13:30:14 IST" duration-ms="580" status="PASS">
          <reporter-output>
          </reporter-output>
        </test-method> <!-- tearDown -->
        <test-method is-config="true" signature="setup(java.lang.String,java.lang.String,java.lang.reflect.Method)[pri:0, instance:com.iween.OneWay.TCCP_2@6ca18a14]" started-at="2025-09-16T13:30:14 IST" name="setup" finished-at="2025-09-16T13:30:16 IST" duration-ms="2184" status="PASS">
          <params>
            <param index="0">
              <value>
                <![CDATA[Windows]]>
              </value>
            </param>
            <param index="1">
              <value>
                <![CDATA[chrome]]>
              </value>
            </param>
            <param index="2">
              <value>
                <![CDATA[public void com.iween.OneWay.TCCP_2.myTest(java.util.Map) throws java.lang.Exception]]>
              </value>
            </param>
          </params>
          <reporter-output>
          </reporter-output>
        </test-method> <!-- setup -->
        <test-method signature="myTest(java.util.Map)[pri:0, instance:com.iween.OneWay.TCCP_2@6ca18a14]" started-at="2025-09-16T13:30:16 IST" name="myTest" data-provider="excelData" finished-at="2025-09-16T13:31:30 IST" duration-ms="74517" status="PASS">
          <params>
            <param index="0">
              <value>
                <![CDATA[{AdultsCounts=1, RefundableInfo=Non-Refundable,Refundable, FareType=ECO VALUE,ECONOMY CONVENIENCE, airLine=Air India,Qatar Airways, Depart From=DAC, Going To=IST, InfantsCount=1, ArrivalFilter=00 -06,18-00, DepartureFilter=00 -06,18-00, Stops=Non Stop, SKIP=, Class=Economy, ChildrenCount=1}]]>
              </value>
            </param>
          </params>
          <reporter-output>
          </reporter-output>
        </test-method> <!-- myTest -->
        <test-method is-config="true" signature="tearDown()[pri:0, instance:com.iween.OneWay.TCCP_2@6ca18a14]" started-at="2025-09-16T13:31:30 IST" name="tearDown" finished-at="2025-09-16T13:31:31 IST" duration-ms="683" status="PASS">
          <reporter-output>
          </reporter-output>
        </test-method> <!-- tearDown -->
      </class> <!-- com.iween.OneWay.TCCP_2 -->
    </test> <!--  Search Tests -->
    <test started-at="2025-09-16T14:37:25 IST" name="OneWay1" finished-at="2025-09-16T14:37:25 IST" duration-ms="0">
    </test> <!-- OneWay1 -->
    <test started-at="2025-09-16T14:37:25 IST" name="OneWay2" finished-at="2025-09-16T14:37:25 IST" duration-ms="0">
    </test> <!-- OneWay2 -->
    <test started-at="2025-09-16T14:37:25 IST" name=" onway Tests" finished-at="2025-09-16T14:37:25 IST" duration-ms="0">
    </test> <!--  onway Tests -->
    <test started-at="2025-09-16T14:37:26 IST" name="SearchToBookingOneWay" finished-at="2025-09-16T14:37:26 IST" duration-ms="16">
    </test> <!-- SearchToBookingOneWay -->
    <test started-at="2025-09-16T14:37:26 IST" name="SearchToBookingRoundTrip" finished-at="2025-09-16T14:37:26 IST" duration-ms="0">
    </test> <!-- SearchToBookingRoundTrip -->
  </suite> <!-- iween Test Suite -->
</testng-results>
